#
# A fatal error has been detected by the Java Runtime Environment:
#
#  EXCEPTION_ACCESS_VIOLATION (0xc0000005) at pc=0x00007ffb01e95344, pid=5484, tid=9640
#
# JRE version: Java(TM) SE Runtime Environment 18.9 (11.0.17+10) (build 11.0.17+10-LTS-269)
# Java VM: Java HotSpot(TM) 64-Bit Server VM 18.9 (11.0.17+10-LTS-269, mixed mode, tiered, compressed oops, g1 gc, windows-amd64)
# Problematic frame:
# C  [d3d10warp.dll+0x155344]
#
# No core dump will be written. Minidumps are not enabled by default on client versions of Windows
#
# If you would like to submit a bug report, please visit:
#   https://bugreport.java.com/bugreport/crash.jsp
# The crash happened outside the Java Virtual Machine in native code.
# See problematic frame for where to report the bug.
#

---------------  S U M M A R Y ------------

Command Line: -javaagent:C:\Program Files\JetBrains\IntelliJ IDEA 2023.1.2\lib\idea_rt.jar=62904:C:\Program Files\JetBrains\IntelliJ IDEA 2023.1.2\bin -Dfile.encoding=UTF-8 lk.ijse.yummy_food_project.AppInitializerWrapper

Host: Intel(R) Core(TM) i3-8130U CPU @ 2.20GHz, 4 cores, 11G,  Windows 10 , 64 bit Build 19041 (10.0.19041.2913)
Time: Thu Jan  4 20:27:21 2024 Sri Lanka Standard Time elapsed time: 3.452524 seconds (0d 0h 0m 3s)

---------------  T H R E A D  ---------------

Current thread (0x000001a8fc056000):  JavaThread "QuantumRenderer-0" daemon [_thread_in_native, id=9640, stack(0x00000045ddb00000,0x00000045ddc00000)]

Stack: [0x00000045ddb00000,0x00000045ddc00000],  sp=0x00000045ddbfae90,  free space=1003k
Native frames: (J=compiled Java code, j=interpreted, Vv=VM code, C=native code)
C  [d3d10warp.dll+0x155344]

Java frames: (J=compiled Java code, j=interpreted, Vv=VM code)
j  com.sun.prism.d3d.D3DContext.nDrawIndexedQuads(J[F[BI)I+0
j  com.sun.prism.d3d.D3DContext.renderQuads([F[BI)V+7
j  com.sun.prism.impl.BaseContext.drawQuads([F[BI)V+8
j  com.sun.prism.impl.VertexBuffer.flush()V+23
j  com.sun.prism.impl.BaseContext.flushVertexBuffer()V+12
j  com.sun.prism.d3d.D3DSwapChain.prepare(Lcom/sun/javafx/geom/Rectangle;)Z+121
j  com.sun.javafx.tk.quantum.PresentingPainter.run()V+355
j  java.util.concurrent.Executors$RunnableAdapter.call()Ljava/lang/Object;+4 java.base@11.0.17
j  java.util.concurrent.FutureTask.runAndReset()Z+44 java.base@11.0.17
j  com.sun.javafx.tk.RenderJob.run()V+1
j  java.util.concurrent.ThreadPoolExecutor.runWorker(Ljava/util/concurrent/ThreadPoolExecutor$Worker;)V+92 java.base@11.0.17
j  java.util.concurrent.ThreadPoolExecutor$Worker.run()V+5 java.base@11.0.17
j  com.sun.javafx.tk.quantum.QuantumRenderer$PipelineRunnable.run()V+8
j  java.lang.Thread.run()V+11 java.base@11.0.17
v  ~StubRoutines::call_stub

siginfo: EXCEPTION_ACCESS_VIOLATION (0xc0000005), writing address 0x00000045ddd6b180


Register to memory mapping:

RIP=0x00007ffb01e95344 d3d10warp.dll
RAX=0x000000000000001a is an unknown value
RBX=0x0000000000000001 is an unknown value
RCX=0x00007ffb01e95336 d3d10warp.dll
RDX=0x00007ffb01d40000 d3d10warp.dll
RSP=0x00000045ddbfae90 is pointing into the stack for thread: 0x000001a8fc056000
RBP=0x00000045ddbfaf90 is pointing into the stack for thread: 0x000001a8fc056000
RSI=0x00000045ddbfdd30 is pointing into the stack for thread: 0x000001a8fc056000
RDI=0x00000045ddbfc800 is pointing into the stack for thread: 0x000001a8fc056000
R8 =0x0000000000000056 is an unknown value
R9 =0x00000045ddbfc800 is pointing into the stack for thread: 0x000001a8fc056000
R10=0x00000045ddbfe624 is pointing into the stack for thread: 0x000001a8fc056000
R11=0x0000000000000080 is an unknown value
R12=0x00000045ddbfd490 is pointing into the stack for thread: 0x000001a8fc056000
R13=0x000001a8849c4410 points into unknown readable memory: 0x00007ffb02323b48 | 48 3b 32 02 fb 7f 00 00
R14=0x0000000000000001 is an unknown value
R15=0x00000045ddbfb300 is pointing into the stack for thread: 0x000001a8fc056000


Registers:
RAX=0x000000000000001a, RBX=0x0000000000000001, RCX=0x00007ffb01e95336, RDX=0x00007ffb01d40000
RSP=0x00000045ddbfae90, RBP=0x00000045ddbfaf90, RSI=0x00000045ddbfdd30, RDI=0x00000045ddbfc800
R8 =0x0000000000000056, R9 =0x00000045ddbfc800, R10=0x00000045ddbfe624, R11=0x0000000000000080
R12=0x00000045ddbfd490, R13=0x000001a8849c4410, R14=0x0000000000000001, R15=0x00000045ddbfb300
RIP=0x00007ffb01e95344, EFLAGS=0x0000000000010206

Top of Stack: (sp=0x00000045ddbfae90)
0x00000045ddbfae90:   0000000000000000 0000000000000000
0x00000045ddbfaea0:   0000000000000000 0000000000000000
0x00000045ddbfaeb0:   0000000000000000 00000020ffffffff
0x00000045ddbfaec0:   0000000000000000 0000000000000000
0x00000045ddbfaed0:   0000000000000000 0000000000000000
0x00000045ddbfaee0:   0000000000000000 00000020ffffffff
0x00000045ddbfaef0:   0000000000000000 0000000000000000
0x00000045ddbfaf00:   0000000000000000 0000000000000000
0x00000045ddbfaf10:   0000000000000000 00000020ffffffff
0x00000045ddbfaf20:   0000000000000000 0000000000000000
0x00000045ddbfaf30:   0000000000000000 0000000000000000
0x00000045ddbfaf40:   0000000000000000 00000020ffffffff
0x00000045ddbfaf50:   0000000000000000 0000000000000000
0x00000045ddbfaf60:   0000000000000000 00000045ddbfcb9c
0x00000045ddbfaf70:   00007ffb01e395d0 00000045ddbfd360
0x00000045ddbfaf80:   0000000000000000 00007ffb020bfcfb 

Instructions: (pc=0x00007ffb01e95344)
0x00007ffb01e95324:   e0 01 00 00 49 8b cf e8 10 53 fd ff 90 e9 b8 ed
0x00007ffb01e95334:   ff ff 0f 57 c0 f3 0f 7f 85 e0 01 00 00 0f 57 c9
0x00007ffb01e95344:   f3 0f 7f 8d f0 01 17 00 45 33 f6 4c 89 b5 6b 02
0x00007ffb01e95354:   00 00 c7 85 08 02 a0 00 ff ff ff ff c7 85 d3 02 


Stack slot to memory mapping:
stack at sp + 0 slots: 0x0 is NULL
stack at sp + 1 slots: 0x0 is NULL
stack at sp + 2 slots: 0x0 is NULL
stack at sp + 3 slots: 0x0 is NULL
stack at sp + 4 slots: 0x0 is NULL
stack at sp + 5 slots: 0x00000020ffffffff is an unknown value
stack at sp + 6 slots: 0x0 is NULL
stack at sp + 7 slots: 0x0 is NULL


---------------  P R O C E S S  ---------------

Threads class SMR info:
_java_thread_list=0x000001a880933f80, length=19, elements={
0x000001a8db39a800, 0x000001a8fb04e800, 0x000001a8fb05a800, 0x000001a8fb8d3800,
0x000001a8fb8d4800, 0x000001a8fb8d7000, 0x000001a8fb8da800, 0x000001a8fb8e0000,
0x000001a8fb8e4800, 0x000001a8fba4f800, 0x000001a8fba5b800, 0x000001a8fbc4a800,
0x000001a8fbe6f800, 0x000001a8fc056000, 0x000001a8fc424000, 0x000001a8fc427000,
0x000001a8fc917800, 0x000001a880895800, 0x000001a88093a000
}

Java Threads: ( => current thread )
  0x000001a8db39a800 JavaThread "main" [_thread_blocked, id=8376, stack(0x00000045dc300000,0x00000045dc400000)]
  0x000001a8fb04e800 JavaThread "Reference Handler" daemon [_thread_blocked, id=5392, stack(0x00000045dca00000,0x00000045dcb00000)]
  0x000001a8fb05a800 JavaThread "Finalizer" daemon [_thread_blocked, id=10360, stack(0x00000045dcb00000,0x00000045dcc00000)]
  0x000001a8fb8d3800 JavaThread "Signal Dispatcher" daemon [_thread_blocked, id=5596, stack(0x00000045dcc00000,0x00000045dcd00000)]
  0x000001a8fb8d4800 JavaThread "Attach Listener" daemon [_thread_blocked, id=2692, stack(0x00000045dcd00000,0x00000045dce00000)]
  0x000001a8fb8d7000 JavaThread "Service Thread" daemon [_thread_blocked, id=1388, stack(0x00000045dce00000,0x00000045dcf00000)]
  0x000001a8fb8da800 JavaThread "C2 CompilerThread0" daemon [_thread_blocked, id=5272, stack(0x00000045dcf00000,0x00000045dd000000)]
  0x000001a8fb8e0000 JavaThread "C1 CompilerThread0" daemon [_thread_blocked, id=7204, stack(0x00000045dd000000,0x00000045dd100000)]
  0x000001a8fb8e4800 JavaThread "Sweeper thread" daemon [_thread_blocked, id=11172, stack(0x00000045dd100000,0x00000045dd200000)]
  0x000001a8fba4f800 JavaThread "Common-Cleaner" daemon [_thread_blocked, id=2124, stack(0x00000045dd200000,0x00000045dd300000)]
  0x000001a8fba5b800 JavaThread "C2 CompilerThread1" daemon [_thread_blocked, id=6132, stack(0x00000045dd300000,0x00000045dd400000)]
  0x000001a8fbc4a800 JavaThread "Monitor Ctrl-Break" daemon [_thread_in_native, id=6876, stack(0x00000045dd400000,0x00000045dd500000)]
  0x000001a8fbe6f800 JavaThread "JavaFX-Launcher" [_thread_blocked, id=2636, stack(0x00000045dd600000,0x00000045dd700000)]
=>0x000001a8fc056000 JavaThread "QuantumRenderer-0" daemon [_thread_in_native, id=9640, stack(0x00000045ddb00000,0x00000045ddc00000)]
  0x000001a8fc424000 JavaThread "InvokeLaterDispatcher" daemon [_thread_blocked, id=1848, stack(0x00000045ddc00000,0x00000045ddd00000)]
  0x000001a8fc427000 JavaThread "JavaFX Application Thread" [_thread_blocked, id=5460, stack(0x00000045ddd00000,0x00000045dde00000)]
  0x000001a8fc917800 JavaThread "Thread-2" daemon [_thread_in_native, id=10140, stack(0x00000045dde00000,0x00000045ddf00000)]
  0x000001a880895800 JavaThread "Prism Font Disposer" daemon [_thread_blocked, id=8096, stack(0x00000045de300000,0x00000045de400000)]
  0x000001a88093a000 JavaThread "Cleaner-0" daemon [_thread_blocked, id=9600, stack(0x00000045de500000,0x00000045de600000)]

Other Threads:
  0x000001a8fb891800 VMThread "VM Thread" [stack: 0x00000045dc900000,0x00000045dca00000] [id=8672]
  0x000001a8fbe5b800 WatcherThread [stack: 0x00000045dd500000,0x00000045dd600000] [id=5456]
  0x000001a8db3b1000 GCTaskThread "GC Thread#0" [stack: 0x00000045dc400000,0x00000045dc500000] [id=9072]
  0x000001a8fc535000 GCTaskThread "GC Thread#1" [stack: 0x00000045dd700000,0x00000045dd800000] [id=11196]
  0x000001a8fc46b000 GCTaskThread "GC Thread#2" [stack: 0x00000045dd800000,0x00000045dd900000] [id=9368]
  0x000001a8fc3b9800 GCTaskThread "GC Thread#3" [stack: 0x00000045dd900000,0x00000045dda00000] [id=11040]
  0x000001a8db3f7000 ConcurrentGCThread "G1 Main Marker" [stack: 0x00000045dc500000,0x00000045dc600000] [id=7232]
  0x000001a8db3f9800 ConcurrentGCThread "G1 Conc#0" [stack: 0x00000045dc600000,0x00000045dc700000] [id=2432]
  0x000001a8db47d800 ConcurrentGCThread "G1 Refine#0" [stack: 0x00000045dc700000,0x00000045dc800000] [id=8140]
  0x000001a8fbdc4800 ConcurrentGCThread "G1 Refine#1" [stack: 0x00000045dda00000,0x00000045ddb00000] [id=2016]
  0x000001a8faeb8800 ConcurrentGCThread "G1 Young RemSet Sampling" [stack: 0x00000045dc800000,0x00000045dc900000] [id=9768]

Threads with active compile tasks:

VM state:not at safepoint (normal execution)

VM Mutex/Monitor currently owned by a thread: None

Heap address: 0x0000000742000000, size: 3040 MB, Compressed Oops mode: Zero based, Oop shift amount: 3
Narrow klass base: 0x0000000800000000, Narrow klass shift: 0
Compressed class space size: 1073741824 Address: 0x0000000800000000

Heap:
 garbage-first heap   total 194560K, used 22038K [0x0000000742000000, 0x0000000800000000)
  region size 1024K, 15 young (15360K), 4 survivors (4096K)
 Metaspace       used 23400K, capacity 24203K, committed 24320K, reserved 1071104K
  class space    used 3104K, capacity 3467K, committed 3584K, reserved 1048576K
Heap Regions: E=young(eden), S=young(survivor), O=old, HS=humongous(starts), HC=humongous(continues), CS=collection set, F=free, A=archive, TAMS=top-at-mark-start (previous, next)
|   0|0x0000000742000000, 0x0000000742100000, 0x0000000742100000|100%| O|  |TAMS 0x0000000742100000, 0x0000000742000000| Untracked 
|   1|0x0000000742100000, 0x0000000742200000, 0x0000000742200000|100%| O|  |TAMS 0x0000000742200000, 0x0000000742100000| Untracked 
|   2|0x0000000742200000, 0x0000000742300000, 0x0000000742300000|100%| O|  |TAMS 0x0000000742300000, 0x0000000742200000| Untracked 
|   3|0x0000000742300000, 0x0000000742400000, 0x0000000742400000|100%| O|  |TAMS 0x0000000742400000, 0x0000000742300000| Untracked 
|   4|0x0000000742400000, 0x0000000742500000, 0x0000000742500000|100%| O|  |TAMS 0x0000000742500000, 0x0000000742400000| Untracked 
|   5|0x0000000742500000, 0x0000000742600000, 0x0000000742600000|100%| O|  |TAMS 0x0000000742600000, 0x0000000742500000| Untracked 
|   6|0x0000000742600000, 0x000000074265ac00, 0x0000000742700000| 35%| O|  |TAMS 0x000000074265ac00, 0x0000000742600000| Untracked 
|   7|0x0000000742700000, 0x0000000742800000, 0x0000000742800000|100%|HS|  |TAMS 0x0000000742700000, 0x0000000742700000| Complete 
|   8|0x0000000742800000, 0x0000000742900000, 0x0000000742900000|100%|HC|  |TAMS 0x0000000742800000, 0x0000000742800000| Complete 
|   9|0x0000000742900000, 0x0000000742900000, 0x0000000742a00000|  0%| F|  |TAMS 0x0000000742900000, 0x0000000742900000| Untracked 
|  10|0x0000000742a00000, 0x0000000742a00000, 0x0000000742b00000|  0%| F|  |TAMS 0x0000000742a00000, 0x0000000742a00000| Untracked 
|  11|0x0000000742b00000, 0x0000000742b00000, 0x0000000742c00000|  0%| F|  |TAMS 0x0000000742b00000, 0x0000000742b00000| Untracked 
|  12|0x0000000742c00000, 0x0000000742c00000, 0x0000000742d00000|  0%| F|  |TAMS 0x0000000742c00000, 0x0000000742c00000| Untracked 
|  13|0x0000000742d00000, 0x0000000742d00000, 0x0000000742e00000|  0%| F|  |TAMS 0x0000000742d00000, 0x0000000742d00000| Untracked 
|  14|0x0000000742e00000, 0x0000000742e00000, 0x0000000742f00000|  0%| F|  |TAMS 0x0000000742e00000, 0x0000000742e00000| Untracked 
|  15|0x0000000742f00000, 0x0000000742f00000, 0x0000000743000000|  0%| F|  |TAMS 0x0000000742f00000, 0x0000000742f00000| Untracked 
|  16|0x0000000743000000, 0x0000000743000000, 0x0000000743100000|  0%| F|  |TAMS 0x0000000743000000, 0x0000000743000000| Untracked 
|  17|0x0000000743100000, 0x0000000743100000, 0x0000000743200000|  0%| F|  |TAMS 0x0000000743100000, 0x0000000743100000| Untracked 
|  18|0x0000000743200000, 0x0000000743200000, 0x0000000743300000|  0%| F|  |TAMS 0x0000000743200000, 0x0000000743200000| Untracked 
|  19|0x0000000743300000, 0x0000000743300000, 0x0000000743400000|  0%| F|  |TAMS 0x0000000743300000, 0x0000000743300000| Untracked 
|  20|0x0000000743400000, 0x0000000743400000, 0x0000000743500000|  0%| F|  |TAMS 0x0000000743400000, 0x0000000743400000| Untracked 
|  21|0x0000000743500000, 0x0000000743500000, 0x0000000743600000|  0%| F|  |TAMS 0x0000000743500000, 0x0000000743500000| Untracked 
|  22|0x0000000743600000, 0x0000000743600000, 0x0000000743700000|  0%| F|  |TAMS 0x0000000743600000, 0x0000000743600000| Untracked 
|  23|0x0000000743700000, 0x0000000743700000, 0x0000000743800000|  0%| F|  |TAMS 0x0000000743700000, 0x0000000743700000| Untracked 
|  24|0x0000000743800000, 0x0000000743800000, 0x0000000743900000|  0%| F|  |TAMS 0x0000000743800000, 0x0000000743800000| Untracked 
|  25|0x0000000743900000, 0x0000000743900000, 0x0000000743a00000|  0%| F|  |TAMS 0x0000000743900000, 0x0000000743900000| Untracked 
|  26|0x0000000743a00000, 0x0000000743a00000, 0x0000000743b00000|  0%| F|  |TAMS 0x0000000743a00000, 0x0000000743a00000| Untracked 
|  27|0x0000000743b00000, 0x0000000743b00000, 0x0000000743c00000|  0%| F|  |TAMS 0x0000000743b00000, 0x0000000743b00000| Untracked 
|  28|0x0000000743c00000, 0x0000000743c00000, 0x0000000743d00000|  0%| F|  |TAMS 0x0000000743c00000, 0x0000000743c00000| Untracked 
|  29|0x0000000743d00000, 0x0000000743d00000, 0x0000000743e00000|  0%| F|  |TAMS 0x0000000743d00000, 0x0000000743d00000| Untracked 
|  30|0x0000000743e00000, 0x0000000743e00000, 0x0000000743f00000|  0%| F|  |TAMS 0x0000000743e00000, 0x0000000743e00000| Untracked 
|  31|0x0000000743f00000, 0x0000000743f00000, 0x0000000744000000|  0%| F|  |TAMS 0x0000000743f00000, 0x0000000743f00000| Untracked 
|  32|0x0000000744000000, 0x0000000744000000, 0x0000000744100000|  0%| F|  |TAMS 0x0000000744000000, 0x0000000744000000| Untracked 
|  33|0x0000000744100000, 0x0000000744100000, 0x0000000744200000|  0%| F|  |TAMS 0x0000000744100000, 0x0000000744100000| Untracked 
|  34|0x0000000744200000, 0x0000000744200000, 0x0000000744300000|  0%| F|  |TAMS 0x0000000744200000, 0x0000000744200000| Untracked 
|  35|0x0000000744300000, 0x0000000744300000, 0x0000000744400000|  0%| F|  |TAMS 0x0000000744300000, 0x0000000744300000| Untracked 
|  36|0x0000000744400000, 0x0000000744400000, 0x0000000744500000|  0%| F|  |TAMS 0x0000000744400000, 0x0000000744400000| Untracked 
|  37|0x0000000744500000, 0x0000000744500000, 0x0000000744600000|  0%| F|  |TAMS 0x0000000744500000, 0x0000000744500000| Untracked 
|  38|0x0000000744600000, 0x0000000744600000, 0x0000000744700000|  0%| F|  |TAMS 0x0000000744600000, 0x0000000744600000| Untracked 
|  39|0x0000000744700000, 0x0000000744700000, 0x0000000744800000|  0%| F|  |TAMS 0x0000000744700000, 0x0000000744700000| Untracked 
|  40|0x0000000744800000, 0x0000000744800000, 0x0000000744900000|  0%| F|  |TAMS 0x0000000744800000, 0x0000000744800000| Untracked 
|  41|0x0000000744900000, 0x0000000744900000, 0x0000000744a00000|  0%| F|  |TAMS 0x0000000744900000, 0x0000000744900000| Untracked 
|  42|0x0000000744a00000, 0x0000000744a00000, 0x0000000744b00000|  0%| F|  |TAMS 0x0000000744a00000, 0x0000000744a00000| Untracked 
|  43|0x0000000744b00000, 0x0000000744b00000, 0x0000000744c00000|  0%| F|  |TAMS 0x0000000744b00000, 0x0000000744b00000| Untracked 
|  44|0x0000000744c00000, 0x0000000744c00000, 0x0000000744d00000|  0%| F|  |TAMS 0x0000000744c00000, 0x0000000744c00000| Untracked 
|  45|0x0000000744d00000, 0x0000000744d00000, 0x0000000744e00000|  0%| F|  |TAMS 0x0000000744d00000, 0x0000000744d00000| Untracked 
|  46|0x0000000744e00000, 0x0000000744e00000, 0x0000000744f00000|  0%| F|  |TAMS 0x0000000744e00000, 0x0000000744e00000| Untracked 
|  47|0x0000000744f00000, 0x0000000744f00000, 0x0000000745000000|  0%| F|  |TAMS 0x0000000744f00000, 0x0000000744f00000| Untracked 
|  48|0x0000000745000000, 0x0000000745000000, 0x0000000745100000|  0%| F|  |TAMS 0x0000000745000000, 0x0000000745000000| Untracked 
|  49|0x0000000745100000, 0x0000000745100000, 0x0000000745200000|  0%| F|  |TAMS 0x0000000745100000, 0x0000000745100000| Untracked 
|  50|0x0000000745200000, 0x0000000745200000, 0x0000000745300000|  0%| F|  |TAMS 0x0000000745200000, 0x0000000745200000| Untracked 
|  51|0x0000000745300000, 0x0000000745300000, 0x0000000745400000|  0%| F|  |TAMS 0x0000000745300000, 0x0000000745300000| Untracked 
|  52|0x0000000745400000, 0x0000000745400000, 0x0000000745500000|  0%| F|  |TAMS 0x0000000745400000, 0x0000000745400000| Untracked 
|  53|0x0000000745500000, 0x0000000745500000, 0x0000000745600000|  0%| F|  |TAMS 0x0000000745500000, 0x0000000745500000| Untracked 
|  54|0x0000000745600000, 0x0000000745600000, 0x0000000745700000|  0%| F|  |TAMS 0x0000000745600000, 0x0000000745600000| Untracked 
|  55|0x0000000745700000, 0x0000000745700000, 0x0000000745800000|  0%| F|  |TAMS 0x0000000745700000, 0x0000000745700000| Untracked 
|  56|0x0000000745800000, 0x0000000745800000, 0x0000000745900000|  0%| F|  |TAMS 0x0000000745800000, 0x0000000745800000| Untracked 
|  57|0x0000000745900000, 0x0000000745900000, 0x0000000745a00000|  0%| F|  |TAMS 0x0000000745900000, 0x0000000745900000| Untracked 
|  58|0x0000000745a00000, 0x0000000745a00000, 0x0000000745b00000|  0%| F|  |TAMS 0x0000000745a00000, 0x0000000745a00000| Untracked 
|  59|0x0000000745b00000, 0x0000000745b00000, 0x0000000745c00000|  0%| F|  |TAMS 0x0000000745b00000, 0x0000000745b00000| Untracked 
|  60|0x0000000745c00000, 0x0000000745c00000, 0x0000000745d00000|  0%| F|  |TAMS 0x0000000745c00000, 0x0000000745c00000| Untracked 
|  61|0x0000000745d00000, 0x0000000745d00000, 0x0000000745e00000|  0%| F|  |TAMS 0x0000000745d00000, 0x0000000745d00000| Untracked 
|  62|0x0000000745e00000, 0x0000000745e00000, 0x0000000745f00000|  0%| F|  |TAMS 0x0000000745e00000, 0x0000000745e00000| Untracked 
|  63|0x0000000745f00000, 0x0000000745f00000, 0x0000000746000000|  0%| F|  |TAMS 0x0000000745f00000, 0x0000000745f00000| Untracked 
|  64|0x0000000746000000, 0x0000000746000000, 0x0000000746100000|  0%| F|  |TAMS 0x0000000746000000, 0x0000000746000000| Untracked 
|  65|0x0000000746100000, 0x0000000746100000, 0x0000000746200000|  0%| F|  |TAMS 0x0000000746100000, 0x0000000746100000| Untracked 
|  66|0x0000000746200000, 0x0000000746200000, 0x0000000746300000|  0%| F|  |TAMS 0x0000000746200000, 0x0000000746200000| Untracked 
|  67|0x0000000746300000, 0x0000000746300000, 0x0000000746400000|  0%| F|  |TAMS 0x0000000746300000, 0x0000000746300000| Untracked 
|  68|0x0000000746400000, 0x0000000746400000, 0x0000000746500000|  0%| F|  |TAMS 0x0000000746400000, 0x0000000746400000| Untracked 
|  69|0x0000000746500000, 0x0000000746500000, 0x0000000746600000|  0%| F|  |TAMS 0x0000000746500000, 0x0000000746500000| Untracked 
|  70|0x0000000746600000, 0x0000000746600000, 0x0000000746700000|  0%| F|  |TAMS 0x0000000746600000, 0x0000000746600000| Untracked 
|  71|0x0000000746700000, 0x0000000746700000, 0x0000000746800000|  0%| F|  |TAMS 0x0000000746700000, 0x0000000746700000| Untracked 
|  72|0x0000000746800000, 0x0000000746800000, 0x0000000746900000|  0%| F|  |TAMS 0x0000000746800000, 0x0000000746800000| Untracked 
|  73|0x0000000746900000, 0x0000000746900000, 0x0000000746a00000|  0%| F|  |TAMS 0x0000000746900000, 0x0000000746900000| Untracked 
|  74|0x0000000746a00000, 0x0000000746a00000, 0x0000000746b00000|  0%| F|  |TAMS 0x0000000746a00000, 0x0000000746a00000| Untracked 
|  75|0x0000000746b00000, 0x0000000746b00000, 0x0000000746c00000|  0%| F|  |TAMS 0x0000000746b00000, 0x0000000746b00000| Untracked 
|  76|0x0000000746c00000, 0x0000000746c00000, 0x0000000746d00000|  0%| F|  |TAMS 0x0000000746c00000, 0x0000000746c00000| Untracked 
|  77|0x0000000746d00000, 0x0000000746d00000, 0x0000000746e00000|  0%| F|  |TAMS 0x0000000746d00000, 0x0000000746d00000| Untracked 
|  78|0x0000000746e00000, 0x0000000746e00000, 0x0000000746f00000|  0%| F|  |TAMS 0x0000000746e00000, 0x0000000746e00000| Untracked 
|  79|0x0000000746f00000, 0x0000000746f00000, 0x0000000747000000|  0%| F|  |TAMS 0x0000000746f00000, 0x0000000746f00000| Untracked 
|  80|0x0000000747000000, 0x0000000747000000, 0x0000000747100000|  0%| F|  |TAMS 0x0000000747000000, 0x0000000747000000| Untracked 
|  81|0x0000000747100000, 0x0000000747100000, 0x0000000747200000|  0%| F|  |TAMS 0x0000000747100000, 0x0000000747100000| Untracked 
|  82|0x0000000747200000, 0x0000000747200000, 0x0000000747300000|  0%| F|  |TAMS 0x0000000747200000, 0x0000000747200000| Untracked 
|  83|0x0000000747300000, 0x0000000747300000, 0x0000000747400000|  0%| F|  |TAMS 0x0000000747300000, 0x0000000747300000| Untracked 
|  84|0x0000000747400000, 0x0000000747400000, 0x0000000747500000|  0%| F|  |TAMS 0x0000000747400000, 0x0000000747400000| Untracked 
|  85|0x0000000747500000, 0x0000000747500000, 0x0000000747600000|  0%| F|  |TAMS 0x0000000747500000, 0x0000000747500000| Untracked 
|  86|0x0000000747600000, 0x0000000747600000, 0x0000000747700000|  0%| F|  |TAMS 0x0000000747600000, 0x0000000747600000| Untracked 
|  87|0x0000000747700000, 0x0000000747700000, 0x0000000747800000|  0%| F|  |TAMS 0x0000000747700000, 0x0000000747700000| Untracked 
|  88|0x0000000747800000, 0x0000000747800000, 0x0000000747900000|  0%| F|  |TAMS 0x0000000747800000, 0x0000000747800000| Untracked 
|  89|0x0000000747900000, 0x0000000747900000, 0x0000000747a00000|  0%| F|  |TAMS 0x0000000747900000, 0x0000000747900000| Untracked 
|  90|0x0000000747a00000, 0x0000000747a00000, 0x0000000747b00000|  0%| F|  |TAMS 0x0000000747a00000, 0x0000000747a00000| Untracked 
|  91|0x0000000747b00000, 0x0000000747b00000, 0x0000000747c00000|  0%| F|  |TAMS 0x0000000747b00000, 0x0000000747b00000| Untracked 
|  92|0x0000000747c00000, 0x0000000747c00000, 0x0000000747d00000|  0%| F|  |TAMS 0x0000000747c00000, 0x0000000747c00000| Untracked 
|  93|0x0000000747d00000, 0x0000000747d00000, 0x0000000747e00000|  0%| F|  |TAMS 0x0000000747d00000, 0x0000000747d00000| Untracked 
|  94|0x0000000747e00000, 0x0000000747e00000, 0x0000000747f00000|  0%| F|  |TAMS 0x0000000747e00000, 0x0000000747e00000| Untracked 
|  95|0x0000000747f00000, 0x0000000747f00000, 0x0000000748000000|  0%| F|  |TAMS 0x0000000747f00000, 0x0000000747f00000| Untracked 
|  96|0x0000000748000000, 0x0000000748000000, 0x0000000748100000|  0%| F|  |TAMS 0x0000000748000000, 0x0000000748000000| Untracked 
|  97|0x0000000748100000, 0x0000000748100000, 0x0000000748200000|  0%| F|  |TAMS 0x0000000748100000, 0x0000000748100000| Untracked 
|  98|0x0000000748200000, 0x0000000748200000, 0x0000000748300000|  0%| F|  |TAMS 0x0000000748200000, 0x0000000748200000| Untracked 
|  99|0x0000000748300000, 0x0000000748300000, 0x0000000748400000|  0%| F|  |TAMS 0x0000000748300000, 0x0000000748300000| Untracked 
| 100|0x0000000748400000, 0x0000000748400000, 0x0000000748500000|  0%| F|  |TAMS 0x0000000748400000, 0x0000000748400000| Untracked 
| 101|0x0000000748500000, 0x0000000748500000, 0x0000000748600000|  0%| F|  |TAMS 0x0000000748500000, 0x0000000748500000| Untracked 
| 102|0x0000000748600000, 0x0000000748600000, 0x0000000748700000|  0%| F|  |TAMS 0x0000000748600000, 0x0000000748600000| Untracked 
| 103|0x0000000748700000, 0x0000000748700000, 0x0000000748800000|  0%| F|  |TAMS 0x0000000748700000, 0x0000000748700000| Untracked 
| 104|0x0000000748800000, 0x0000000748800000, 0x0000000748900000|  0%| F|  |TAMS 0x0000000748800000, 0x0000000748800000| Untracked 
| 105|0x0000000748900000, 0x0000000748900000, 0x0000000748a00000|  0%| F|  |TAMS 0x0000000748900000, 0x0000000748900000| Untracked 
| 106|0x0000000748a00000, 0x0000000748a00000, 0x0000000748b00000|  0%| F|  |TAMS 0x0000000748a00000, 0x0000000748a00000| Untracked 
| 107|0x0000000748b00000, 0x0000000748b00000, 0x0000000748c00000|  0%| F|  |TAMS 0x0000000748b00000, 0x0000000748b00000| Untracked 
| 108|0x0000000748c00000, 0x0000000748c00000, 0x0000000748d00000|  0%| F|  |TAMS 0x0000000748c00000, 0x0000000748c00000| Untracked 
| 109|0x0000000748d00000, 0x0000000748d00000, 0x0000000748e00000|  0%| F|  |TAMS 0x0000000748d00000, 0x0000000748d00000| Untracked 
| 110|0x0000000748e00000, 0x0000000748e00000, 0x0000000748f00000|  0%| F|  |TAMS 0x0000000748e00000, 0x0000000748e00000| Untracked 
| 111|0x0000000748f00000, 0x0000000748f00000, 0x0000000749000000|  0%| F|  |TAMS 0x0000000748f00000, 0x0000000748f00000| Untracked 
| 112|0x0000000749000000, 0x0000000749000000, 0x0000000749100000|  0%| F|  |TAMS 0x0000000749000000, 0x0000000749000000| Untracked 
| 113|0x0000000749100000, 0x0000000749100000, 0x0000000749200000|  0%| F|  |TAMS 0x0000000749100000, 0x0000000749100000| Untracked 
| 114|0x0000000749200000, 0x0000000749200000, 0x0000000749300000|  0%| F|  |TAMS 0x0000000749200000, 0x0000000749200000| Untracked 
| 115|0x0000000749300000, 0x0000000749300000, 0x0000000749400000|  0%| F|  |TAMS 0x0000000749300000, 0x0000000749300000| Untracked 
| 116|0x0000000749400000, 0x0000000749400000, 0x0000000749500000|  0%| F|  |TAMS 0x0000000749400000, 0x0000000749400000| Untracked 
| 117|0x0000000749500000, 0x0000000749500000, 0x0000000749600000|  0%| F|  |TAMS 0x0000000749500000, 0x0000000749500000| Untracked 
| 118|0x0000000749600000, 0x0000000749600000, 0x0000000749700000|  0%| F|  |TAMS 0x0000000749600000, 0x0000000749600000| Untracked 
| 119|0x0000000749700000, 0x0000000749700000, 0x0000000749800000|  0%| F|  |TAMS 0x0000000749700000, 0x0000000749700000| Untracked 
| 120|0x0000000749800000, 0x0000000749800000, 0x0000000749900000|  0%| F|  |TAMS 0x0000000749800000, 0x0000000749800000| Untracked 
| 121|0x0000000749900000, 0x0000000749900000, 0x0000000749a00000|  0%| F|  |TAMS 0x0000000749900000, 0x0000000749900000| Untracked 
| 122|0x0000000749a00000, 0x0000000749a00000, 0x0000000749b00000|  0%| F|  |TAMS 0x0000000749a00000, 0x0000000749a00000| Untracked 
| 123|0x0000000749b00000, 0x0000000749b00000, 0x0000000749c00000|  0%| F|  |TAMS 0x0000000749b00000, 0x0000000749b00000| Untracked 
| 124|0x0000000749c00000, 0x0000000749c00000, 0x0000000749d00000|  0%| F|  |TAMS 0x0000000749c00000, 0x0000000749c00000| Untracked 
| 125|0x0000000749d00000, 0x0000000749d00000, 0x0000000749e00000|  0%| F|  |TAMS 0x0000000749d00000, 0x0000000749d00000| Untracked 
| 126|0x0000000749e00000, 0x0000000749e00000, 0x0000000749f00000|  0%| F|  |TAMS 0x0000000749e00000, 0x0000000749e00000| Untracked 
| 127|0x0000000749f00000, 0x0000000749f00000, 0x000000074a000000|  0%| F|  |TAMS 0x0000000749f00000, 0x0000000749f00000| Untracked 
| 128|0x000000074a000000, 0x000000074a000000, 0x000000074a100000|  0%| F|  |TAMS 0x000000074a000000, 0x000000074a000000| Untracked 
| 129|0x000000074a100000, 0x000000074a100000, 0x000000074a200000|  0%| F|  |TAMS 0x000000074a100000, 0x000000074a100000| Untracked 
| 130|0x000000074a200000, 0x000000074a200000, 0x000000074a300000|  0%| F|  |TAMS 0x000000074a200000, 0x000000074a200000| Untracked 
| 131|0x000000074a300000, 0x000000074a300000, 0x000000074a400000|  0%| F|  |TAMS 0x000000074a300000, 0x000000074a300000| Untracked 
| 132|0x000000074a400000, 0x000000074a400000, 0x000000074a500000|  0%| F|  |TAMS 0x000000074a400000, 0x000000074a400000| Untracked 
| 133|0x000000074a500000, 0x000000074a500000, 0x000000074a600000|  0%| F|  |TAMS 0x000000074a500000, 0x000000074a500000| Untracked 
| 134|0x000000074a600000, 0x000000074a600000, 0x000000074a700000|  0%| F|  |TAMS 0x000000074a600000, 0x000000074a600000| Untracked 
| 135|0x000000074a700000, 0x000000074a700000, 0x000000074a800000|  0%| F|  |TAMS 0x000000074a700000, 0x000000074a700000| Untracked 
| 136|0x000000074a800000, 0x000000074a800000, 0x000000074a900000|  0%| F|  |TAMS 0x000000074a800000, 0x000000074a800000| Untracked 
| 137|0x000000074a900000, 0x000000074a900000, 0x000000074aa00000|  0%| F|  |TAMS 0x000000074a900000, 0x000000074a900000| Untracked 
| 138|0x000000074aa00000, 0x000000074aa00000, 0x000000074ab00000|  0%| F|  |TAMS 0x000000074aa00000, 0x000000074aa00000| Untracked 
| 139|0x000000074ab00000, 0x000000074ab00000, 0x000000074ac00000|  0%| F|  |TAMS 0x000000074ab00000, 0x000000074ab00000| Untracked 
| 140|0x000000074ac00000, 0x000000074ac00000, 0x000000074ad00000|  0%| F|  |TAMS 0x000000074ac00000, 0x000000074ac00000| Untracked 
| 141|0x000000074ad00000, 0x000000074ad00000, 0x000000074ae00000|  0%| F|  |TAMS 0x000000074ad00000, 0x000000074ad00000| Untracked 
| 142|0x000000074ae00000, 0x000000074ae00000, 0x000000074af00000|  0%| F|  |TAMS 0x000000074ae00000, 0x000000074ae00000| Untracked 
| 143|0x000000074af00000, 0x000000074af00000, 0x000000074b000000|  0%| F|  |TAMS 0x000000074af00000, 0x000000074af00000| Untracked 
| 144|0x000000074b000000, 0x000000074b000000, 0x000000074b100000|  0%| F|  |TAMS 0x000000074b000000, 0x000000074b000000| Untracked 
| 145|0x000000074b100000, 0x000000074b100000, 0x000000074b200000|  0%| F|  |TAMS 0x000000074b100000, 0x000000074b100000| Untracked 
| 146|0x000000074b200000, 0x000000074b200000, 0x000000074b300000|  0%| F|  |TAMS 0x000000074b200000, 0x000000074b200000| Untracked 
| 147|0x000000074b300000, 0x000000074b300000, 0x000000074b400000|  0%| F|  |TAMS 0x000000074b300000, 0x000000074b300000| Untracked 
| 148|0x000000074b400000, 0x000000074b400000, 0x000000074b500000|  0%| F|  |TAMS 0x000000074b400000, 0x000000074b400000| Untracked 
| 149|0x000000074b500000, 0x000000074b500000, 0x000000074b600000|  0%| F|  |TAMS 0x000000074b500000, 0x000000074b500000| Untracked 
| 150|0x000000074b600000, 0x000000074b600000, 0x000000074b700000|  0%| F|  |TAMS 0x000000074b600000, 0x000000074b600000| Untracked 
| 151|0x000000074b700000, 0x000000074b700000, 0x000000074b800000|  0%| F|  |TAMS 0x000000074b700000, 0x000000074b700000| Untracked 
| 152|0x000000074b800000, 0x000000074b800000, 0x000000074b900000|  0%| F|  |TAMS 0x000000074b800000, 0x000000074b800000| Untracked 
| 153|0x000000074b900000, 0x000000074b900000, 0x000000074ba00000|  0%| F|  |TAMS 0x000000074b900000, 0x000000074b900000| Untracked 
| 154|0x000000074ba00000, 0x000000074ba00000, 0x000000074bb00000|  0%| F|  |TAMS 0x000000074ba00000, 0x000000074ba00000| Untracked 
| 155|0x000000074bb00000, 0x000000074bb00000, 0x000000074bc00000|  0%| F|  |TAMS 0x000000074bb00000, 0x000000074bb00000| Untracked 
| 156|0x000000074bc00000, 0x000000074bc00000, 0x000000074bd00000|  0%| F|  |TAMS 0x000000074bc00000, 0x000000074bc00000| Untracked 
| 157|0x000000074bd00000, 0x000000074bd00000, 0x000000074be00000|  0%| F|  |TAMS 0x000000074bd00000, 0x000000074bd00000| Untracked 
| 158|0x000000074be00000, 0x000000074be00000, 0x000000074bf00000|  0%| F|  |TAMS 0x000000074be00000, 0x000000074be00000| Untracked 
| 159|0x000000074bf00000, 0x000000074bf00000, 0x000000074c000000|  0%| F|  |TAMS 0x000000074bf00000, 0x000000074bf00000| Untracked 
| 160|0x000000074c000000, 0x000000074c000000, 0x000000074c100000|  0%| F|  |TAMS 0x000000074c000000, 0x000000074c000000| Untracked 
| 161|0x000000074c100000, 0x000000074c100000, 0x000000074c200000|  0%| F|  |TAMS 0x000000074c100000, 0x000000074c100000| Untracked 
| 162|0x000000074c200000, 0x000000074c200000, 0x000000074c300000|  0%| F|  |TAMS 0x000000074c200000, 0x000000074c200000| Untracked 
| 163|0x000000074c300000, 0x000000074c300000, 0x000000074c400000|  0%| F|  |TAMS 0x000000074c300000, 0x000000074c300000| Untracked 
| 164|0x000000074c400000, 0x000000074c400000, 0x000000074c500000|  0%| F|  |TAMS 0x000000074c400000, 0x000000074c400000| Untracked 
| 165|0x000000074c500000, 0x000000074c500000, 0x000000074c600000|  0%| F|  |TAMS 0x000000074c500000, 0x000000074c500000| Untracked 
| 166|0x000000074c600000, 0x000000074c600000, 0x000000074c700000|  0%| F|  |TAMS 0x000000074c600000, 0x000000074c600000| Untracked 
| 167|0x000000074c700000, 0x000000074c700000, 0x000000074c800000|  0%| F|  |TAMS 0x000000074c700000, 0x000000074c700000| Untracked 
| 168|0x000000074c800000, 0x000000074c800000, 0x000000074c900000|  0%| F|  |TAMS 0x000000074c800000, 0x000000074c800000| Untracked 
| 169|0x000000074c900000, 0x000000074c900000, 0x000000074ca00000|  0%| F|  |TAMS 0x000000074c900000, 0x000000074c900000| Untracked 
| 170|0x000000074ca00000, 0x000000074ca00000, 0x000000074cb00000|  0%| F|  |TAMS 0x000000074ca00000, 0x000000074ca00000| Untracked 
| 171|0x000000074cb00000, 0x000000074cb00000, 0x000000074cc00000|  0%| F|  |TAMS 0x000000074cb00000, 0x000000074cb00000| Untracked 
| 172|0x000000074cc00000, 0x000000074cc00000, 0x000000074cd00000|  0%| F|  |TAMS 0x000000074cc00000, 0x000000074cc00000| Untracked 
| 173|0x000000074cd00000, 0x000000074cd00000, 0x000000074ce00000|  0%| F|  |TAMS 0x000000074cd00000, 0x000000074cd00000| Untracked 
| 174|0x000000074ce00000, 0x000000074ce00000, 0x000000074cf00000|  0%| F|  |TAMS 0x000000074ce00000, 0x000000074ce00000| Untracked 
| 175|0x000000074cf00000, 0x000000074cf8b250, 0x000000074d000000| 54%| E|  |TAMS 0x000000074cf00000, 0x000000074cf00000| Complete 
| 176|0x000000074d000000, 0x000000074d100000, 0x000000074d100000|100%| E|CS|TAMS 0x000000074d000000, 0x000000074d000000| Complete 
| 177|0x000000074d100000, 0x000000074d200000, 0x000000074d200000|100%| E|CS|TAMS 0x000000074d100000, 0x000000074d100000| Complete 
| 178|0x000000074d200000, 0x000000074d300000, 0x000000074d300000|100%| E|CS|TAMS 0x000000074d200000, 0x000000074d200000| Complete 
| 179|0x000000074d300000, 0x000000074d400000, 0x000000074d400000|100%| E|CS|TAMS 0x000000074d300000, 0x000000074d300000| Complete 
| 180|0x000000074d400000, 0x000000074d42ac40, 0x000000074d500000| 16%| S|CS|TAMS 0x000000074d400000, 0x000000074d400000| Complete 
| 181|0x000000074d500000, 0x000000074d600000, 0x000000074d600000|100%| S|CS|TAMS 0x000000074d500000, 0x000000074d500000| Complete 
| 182|0x000000074d600000, 0x000000074d700000, 0x000000074d700000|100%| S|CS|TAMS 0x000000074d600000, 0x000000074d600000| Complete 
| 183|0x000000074d700000, 0x000000074d800000, 0x000000074d800000|100%| S|CS|TAMS 0x000000074d700000, 0x000000074d700000| Complete 
| 184|0x000000074d800000, 0x000000074d900000, 0x000000074d900000|100%| E|CS|TAMS 0x000000074d800000, 0x000000074d800000| Complete 
| 185|0x000000074d900000, 0x000000074da00000, 0x000000074da00000|100%| E|CS|TAMS 0x000000074d900000, 0x000000074d900000| Complete 
| 186|0x000000074da00000, 0x000000074db00000, 0x000000074db00000|100%| E|CS|TAMS 0x000000074da00000, 0x000000074da00000| Complete 
| 187|0x000000074db00000, 0x000000074dc00000, 0x000000074dc00000|100%| E|CS|TAMS 0x000000074db00000, 0x000000074db00000| Complete 
| 188|0x000000074dc00000, 0x000000074dd00000, 0x000000074dd00000|100%| E|CS|TAMS 0x000000074dc00000, 0x000000074dc00000| Complete 
| 189|0x000000074dd00000, 0x000000074de00000, 0x000000074de00000|100%| E|CS|TAMS 0x000000074dd00000, 0x000000074dd00000| Complete 

Card table byte_map: [0x000001a8f2060000,0x000001a8f2650000] _byte_map_base: 0x000001a8ee650000

Marking Bits (Prev, Next): (CMBitMap*) 0x000001a8db3ea790, (CMBitMap*) 0x000001a8db3ea758
 Prev Bits: [0x000001a8f5bc0000, 0x000001a8f8b40000)
 Next Bits: [0x000001a8f2c40000, 0x000001a8f5bc0000)

Polling page: 0x000001a8dab80000

Metaspace:

Usage:
  Non-class:     20.25 MB capacity,    19.82 MB ( 98%) used,   354.76 KB (  2%) free+waste,    84.56 KB ( <1%) overhead. 
      Class:      3.39 MB capacity,     3.03 MB ( 90%) used,   316.14 KB (  9%) free+waste,    46.75 KB (  1%) overhead. 
       Both:     23.64 MB capacity,    22.85 MB ( 97%) used,   670.90 KB (  3%) free+waste,   131.31 KB ( <1%) overhead. 

Virtual space:
  Non-class space:       22.00 MB reserved,      20.25 MB ( 92%) committed 
      Class space:        1.00 GB reserved,       3.50 MB ( <1%) committed 
             Both:        1.02 GB reserved,      23.75 MB (  2%) committed 

Chunk freelists:
   Non-Class:  0 bytes
       Class:  2.63 KB
        Both:  2.63 KB

CodeHeap 'non-profiled nmethods': size=120064Kb used=866Kb max_used=866Kb free=119197Kb
 bounds [0x000001a8ea530000, 0x000001a8ea7a0000, 0x000001a8f1a70000]
CodeHeap 'profiled nmethods': size=120000Kb used=3883Kb max_used=3883Kb free=116116Kb
 bounds [0x000001a8e3000000, 0x000001a8e33d0000, 0x000001a8ea530000]
CodeHeap 'non-nmethods': size=5696Kb used=1349Kb max_used=1379Kb free=4346Kb
 bounds [0x000001a8e2a70000, 0x000001a8e2ce0000, 0x000001a8e3000000]
 total_blobs=2705 nmethods=1936 adapters=680
 compilation: enabled
              stopped_count=0, restarted_count=0
 full_count=0

Compilation events (10 events):
Event: 3.337 Thread 0x000001a8fb8e0000 nmethod 1934 0x000001a8e33ca990 code [0x000001a8e33cab20, 0x000001a8e33cac18]
Event: 3.338 Thread 0x000001a8fb8e0000 1935       1       com.sun.prism.impl.BaseTexture::getContentWidth (5 bytes)
Event: 3.338 Thread 0x000001a8fb8e0000 nmethod 1935 0x000001a8ea604b90 code [0x000001a8ea604d20, 0x000001a8ea604dd8]
Event: 3.339 Thread 0x000001a8fb8e0000 1936       1       com.sun.javafx.font.PrismFontStrike::getFontResource (5 bytes)
Event: 3.339 Thread 0x000001a8fb8e0000 nmethod 1936 0x000001a8ea604e90 code [0x000001a8ea605020, 0x000001a8ea6050d8]
Event: 3.340 Thread 0x000001a8fb8e0000 1937       1       com.sun.prism.impl.BaseTexture::getContentHeight (5 bytes)
Event: 3.340 Thread 0x000001a8fb8e0000 nmethod 1937 0x000001a8ea605190 code [0x000001a8ea605320, 0x000001a8ea6053d8]
Event: 3.343 Thread 0x000001a8fb8e0000 1938       1       com.sun.prism.impl.BaseTexture::getWrapMode (5 bytes)
Event: 3.343 Thread 0x000001a8fb8e0000 nmethod 1938 0x000001a8ea605490 code [0x000001a8ea605620, 0x000001a8ea6056d8]
Event: 3.343 Thread 0x000001a8fb8da800 nmethod 1907% 0x000001a8ea605790 code [0x000001a8ea605940, 0x000001a8ea606678]

GC Heap History (8 events):
Event: 0.985 GC heap before
{Heap before GC invocations=0 (full 0):
 garbage-first heap   total 194560K, used 13312K [0x0000000742000000, 0x0000000800000000)
  region size 1024K, 14 young (14336K), 0 survivors (0K)
 Metaspace       used 10669K, capacity 10915K, committed 11136K, reserved 1058816K
  class space    used 1021K, capacity 1118K, committed 1152K, reserved 1048576K
}
Event: 1.000 GC heap after
{Heap after GC invocations=1 (full 0):
 garbage-first heap   total 194560K, used 5070K [0x0000000742000000, 0x0000000800000000)
  region size 1024K, 2 young (2048K), 2 survivors (2048K)
 Metaspace       used 10669K, capacity 10915K, committed 11136K, reserved 1058816K
  class space    used 1021K, capacity 1118K, committed 1152K, reserved 1048576K
}
Event: 1.321 GC heap before
{Heap before GC invocations=1 (full 0):
 garbage-first heap   total 194560K, used 11214K [0x0000000742000000, 0x0000000800000000)
  region size 1024K, 9 young (9216K), 2 survivors (2048K)
 Metaspace       used 12516K, capacity 12863K, committed 12928K, reserved 1060864K
  class space    used 1217K, capacity 1349K, committed 1408K, reserved 1048576K
}
Event: 1.325 GC heap after
{Heap after GC invocations=2 (full 0):
 garbage-first heap   total 194560K, used 6323K [0x0000000742000000, 0x0000000800000000)
  region size 1024K, 1 young (1024K), 1 survivors (1024K)
 Metaspace       used 12516K, capacity 12863K, committed 12928K, reserved 1060864K
  class space    used 1217K, capacity 1349K, committed 1408K, reserved 1048576K
}
Event: 2.457 GC heap before
{Heap before GC invocations=2 (full 0):
 garbage-first heap   total 194560K, used 28851K [0x0000000742000000, 0x0000000800000000)
  region size 1024K, 24 young (24576K), 1 survivors (1024K)
 Metaspace       used 19115K, capacity 19691K, committed 19968K, reserved 1067008K
  class space    used 2273K, capacity 2516K, committed 2560K, reserved 1048576K
}
Event: 2.463 GC heap after
{Heap after GC invocations=3 (full 0):
 garbage-first heap   total 194560K, used 9579K [0x0000000742000000, 0x0000000800000000)
  region size 1024K, 3 young (3072K), 3 survivors (3072K)
 Metaspace       used 19115K, capacity 19691K, committed 19968K, reserved 1067008K
  class space    used 2273K, capacity 2516K, committed 2560K, reserved 1048576K
}
Event: 2.748 GC heap before
{Heap before GC invocations=3 (full 0):
 garbage-first heap   total 194560K, used 14699K [0x0000000742000000, 0x0000000800000000)
  region size 1024K, 9 young (9216K), 3 survivors (3072K)
 Metaspace       used 20651K, capacity 21233K, committed 21248K, reserved 1067008K
  class space    used 2530K, capacity 2802K, committed 2816K, reserved 1048576K
}
Event: 2.754 GC heap after
{Heap after GC invocations=4 (full 0):
 garbage-first heap   total 194560K, used 9750K [0x0000000742000000, 0x0000000800000000)
  region size 1024K, 4 young (4096K), 4 survivors (4096K)
 Metaspace       used 20651K, capacity 21233K, committed 21248K, reserved 1067008K
  class space    used 2530K, capacity 2802K, committed 2816K, reserved 1048576K
}

Deoptimization events (10 events):
Event: 2.620 Thread 0x000001a8fc427000 Uncommon trap: reason=class_check action=maybe_recompile pc=0x000001a8ea539b60 method=java.lang.String.equals(Ljava/lang/Object;)Z @ 8 c2
Event: 2.620 Thread 0x000001a8fc427000 Uncommon trap: reason=class_check action=maybe_recompile pc=0x000001a8ea539b60 method=java.lang.String.equals(Ljava/lang/Object;)Z @ 8 c2
Event: 2.620 Thread 0x000001a8fc427000 Uncommon trap: reason=class_check action=maybe_recompile pc=0x000001a8ea539b60 method=java.lang.String.equals(Ljava/lang/Object;)Z @ 8 c2
Event: 2.622 Thread 0x000001a8fc427000 Uncommon trap: reason=class_check action=maybe_recompile pc=0x000001a8ea539b60 method=java.lang.String.equals(Ljava/lang/Object;)Z @ 8 c2
Event: 2.649 Thread 0x000001a8fc427000 Uncommon trap: reason=unstable_if action=reinterpret pc=0x000001a8ea5bf378 method=java.lang.StringLatin1.regionMatchesCI([BI[BII)Z @ 66 c2
Event: 2.728 Thread 0x000001a8fc427000 Uncommon trap: reason=unstable_if action=reinterpret pc=0x000001a8ea5c2b1c method=java.net.URL.<init>(Ljava/net/URL;Ljava/lang/String;Ljava/net/URLStreamHandler;)V @ 347 c2
Event: 3.068 Thread 0x000001a8fc427000 Uncommon trap: reason=unstable_if action=reinterpret pc=0x000001a8ea5684a0 method=jdk.internal.org.objectweb.asm.Type.getArgumentsAndReturnSizes(Ljava/lang/String;)I @ 47 c2
Event: 3.073 Thread 0x000001a8fc427000 Uncommon trap: reason=unstable_if action=reinterpret pc=0x000001a8ea5b7c68 method=java.lang.invoke.InvokerBytecodeGenerator.loadInsnOpcode(Ljava/lang/invoke/LambdaForm$BasicType;)I @ 8 c2
Event: 3.074 Thread 0x000001a8fc427000 Uncommon trap: reason=unstable_if action=reinterpret pc=0x000001a8ea5b4fac method=java.lang.invoke.InvokerBytecodeGenerator.loadInsnOpcode(Ljava/lang/invoke/LambdaForm$BasicType;)I @ 8 c2
Event: 3.149 Thread 0x000001a8fc056000 Uncommon trap: reason=unstable_if action=reinterpret pc=0x000001a8ea5a0f00 method=java.lang.invoke.LambdaForm$BasicType.basicType(C)Ljava/lang/invoke/LambdaForm$BasicType; @ 1 c2

Classes redefined (0 events):
No events

Internal exceptions (10 events):
Event: 2.177 Thread 0x000001a8fc427000 Exception <a 'java/lang/NoSuchMethodError'{0x000000074c91aab8}: java.lang.invoke.DirectMethodHandle$Holder.invokeSpecial(Ljava/lang/Object;Ljava/lang/Object;Ljava/lang/Object;Ljava/lang/Object;Ljava/lang/Object;)V> (0x000000074c91aab8) thrown at [./open/s
Event: 2.255 Thread 0x000001a8fc427000 Exception <a 'java/lang/NoSuchMethodError'{0x000000074c80fcd0}: java.lang.invoke.DirectMethodHandle$Holder.invokeSpecial(Ljava/lang/Object;Ljava/lang/Object;Ljava/lang/Object;Ljava/lang/Object;)V> (0x000000074c80fcd0) thrown at [./open/src/hotspot/share/i
Event: 2.359 Thread 0x000001a8fc427000 Implicit null exception at 0x000001a8ea5c4df5 to 0x000001a8ea5c4ff0
Event: 2.656 Thread 0x000001a8fc427000 Exception <a 'java/lang/NoSuchMethodError'{0x000000074da85160}: java.lang.invoke.Invokers$Holder.linkToTargetMethod(Ljava/lang/Object;ILjava/lang/Object;)Ljava/lang/Object;> (0x000000074da85160) thrown at [./open/src/hotspot/share/interpreter/linkResolver
Event: 2.692 Thread 0x000001a8fc427000 Exception <a 'java/lang/NoSuchMethodError'{0x000000074d91b350}: java.lang.invoke.DirectMethodHandle$Holder.invokeInterface(Ljava/lang/Object;Ljava/lang/Object;Ljava/lang/Object;)Ljava/lang/Object;> (0x000000074d91b350) thrown at [./open/src/hotspot/share/
Event: 2.692 Thread 0x000001a8fc427000 Exception <a 'java/lang/IncompatibleClassChangeError'{0x000000074d91e508}: Found class java.lang.Object, but interface was expected> (0x000000074d91e508) thrown at [./open/src/hotspot/share/interpreter/linkResolver.cpp, line 838]
Event: 3.062 Thread 0x000001a8fc056000 Exception <a 'java/lang/NoSuchMethodError'{0x000000074d217508}: java.lang.invoke.DirectMethodHandle$Holder.invokeStaticInit(Ljava/lang/Object;Ljava/lang/Object;)I> (0x000000074d217508) thrown at [./open/src/hotspot/share/interpreter/linkResolver.cpp, line
Event: 3.068 Thread 0x000001a8fc427000 Exception <a 'java/lang/NoSuchMethodError'{0x000000074d3bfb78}: java.lang.invoke.DirectMethodHandle$Holder.invokeStaticInit(Ljava/lang/Object;Ljava/lang/Object;Ljava/lang/Object;)J> (0x000000074d3bfb78) thrown at [./open/src/hotspot/share/interpreter/link
Event: 3.074 Thread 0x000001a8fc427000 Exception <a 'java/lang/NoSuchMethodError'{0x000000074d3d81b8}: java.lang.invoke.DirectMethodHandle$Holder.invokeStatic(Ljava/lang/Object;Ljava/lang/Object;J)Ljava/lang/Object;> (0x000000074d3d81b8) thrown at [./open/src/hotspot/share/interpreter/linkReso
Event: 3.075 Thread 0x000001a8fc427000 Exception <a 'java/lang/NoSuchMethodError'{0x000000074d3de330}: java.lang.invoke.Invokers$Holder.linkToTargetMethod(Ljava/lang/Object;JLjava/lang/Object;)Ljava/lang/Object;> (0x000000074d3de330) thrown at [./open/src/hotspot/share/interpreter/linkResolver

Events (10 events):
Event: 3.304 loading class com/sun/scenario/effect/impl/ImagePool
Event: 3.304 loading class com/sun/scenario/effect/impl/ImagePool done
Event: 3.305 loading class com/sun/scenario/effect/impl/ImagePool$1
Event: 3.305 loading class com/sun/scenario/effect/impl/ImagePool$1 done
Event: 3.306 loading class com/sun/scenario/effect/impl/prism/ps/PPSRenderer$1
Event: 3.306 loading class com/sun/scenario/effect/impl/prism/ps/PPSRenderer$1 done
Event: 3.307 loading class com/sun/scenario/effect/impl/prism/ps/PPSRenderer$2
Event: 3.307 loading class com/sun/scenario/effect/impl/prism/ps/PPSRenderer$2 done
Event: 3.313 loading class com/sun/javafx/geom/transform/AffineBase$1
Event: 3.313 loading class com/sun/javafx/geom/transform/AffineBase$1 done


Dynamic libraries:
0x00007ff7b5790000 - 0x00007ff7b579f000 	C:\Program Files\Java\jdk-11.0.17\bin\java.exe
0x00007ffb0e710000 - 0x00007ffb0e908000 	C:\Windows\SYSTEM32\ntdll.dll
0x00007ffb0dbd0000 - 0x00007ffb0dc8f000 	C:\Windows\System32\KERNEL32.DLL
0x00007ffb0c010000 - 0x00007ffb0c306000 	C:\Windows\System32\KERNELBASE.dll
0x00007ffb0c640000 - 0x00007ffb0c740000 	C:\Windows\System32\ucrtbase.dll
0x00007ffafd990000 - 0x00007ffafd9a8000 	C:\Program Files\Java\jdk-11.0.17\bin\jli.dll
0x00007ffafd520000 - 0x00007ffafd535000 	C:\Program Files\Java\jdk-11.0.17\bin\VCRUNTIME140.dll
0x00007ffb0cdd0000 - 0x00007ffb0ce7f000 	C:\Windows\System32\ADVAPI32.dll
0x00007ffb0e380000 - 0x00007ffb0e41e000 	C:\Windows\System32\msvcrt.dll
0x00007ffb0ca60000 - 0x00007ffb0cafc000 	C:\Windows\System32\sechost.dll
0x00007ffb0e250000 - 0x00007ffb0e376000 	C:\Windows\System32\RPCRT4.dll
0x00007ffb0cb00000 - 0x00007ffb0cc9d000 	C:\Windows\System32\USER32.dll
0x00007ffb0c740000 - 0x00007ffb0c762000 	C:\Windows\System32\win32u.dll
0x00007ffb0d630000 - 0x00007ffb0d65c000 	C:\Windows\System32\GDI32.dll
0x00007ffb0bea0000 - 0x00007ffb0bfb5000 	C:\Windows\System32\gdi32full.dll
0x00007ffb0c340000 - 0x00007ffb0c3dd000 	C:\Windows\System32\msvcp_win.dll
0x00007ffb09840000 - 0x00007ffb0984a000 	C:\Windows\SYSTEM32\VERSION.dll
0x00007ffaf4780000 - 0x00007ffaf4a1a000 	C:\Windows\WinSxS\amd64_microsoft.windows.common-controls_6595b64144ccf1df_6.0.19041.1110_none_60b5254171f9507e\COMCTL32.dll
0x00007ffb0c800000 - 0x00007ffb0c830000 	C:\Windows\System32\IMM32.DLL
0x00007ffaf92c0000 - 0x00007ffaf935b000 	C:\Program Files\Java\jdk-11.0.17\bin\msvcp140.dll
0x00007ffadddd0000 - 0x00007ffade8ea000 	C:\Program Files\Java\jdk-11.0.17\bin\server\jvm.dll
0x00007ffb0c7f0000 - 0x00007ffb0c7f8000 	C:\Windows\System32\PSAPI.DLL
0x00007ffb0b990000 - 0x00007ffb0b999000 	C:\Windows\SYSTEM32\WSOCK32.dll
0x00007ffaff7c0000 - 0x00007ffaff7e7000 	C:\Windows\SYSTEM32\WINMM.dll
0x00007ffb0dc90000 - 0x00007ffb0dcfb000 	C:\Windows\System32\WS2_32.dll
0x00007ffb08e90000 - 0x00007ffb08ea2000 	C:\Windows\SYSTEM32\kernel.appcore.dll
0x00007ffb0a670000 - 0x00007ffb0a680000 	C:\Program Files\Java\jdk-11.0.17\bin\verify.dll
0x00007ffb0b780000 - 0x00007ffb0b964000 	C:\Windows\SYSTEM32\DBGHELP.DLL
0x00007ffb0b740000 - 0x00007ffb0b774000 	C:\Windows\SYSTEM32\dbgcore.DLL
0x00007ffb0c450000 - 0x00007ffb0c4d2000 	C:\Windows\System32\bcryptPrimitives.dll
0x00007ffafcf10000 - 0x00007ffafcf38000 	C:\Program Files\Java\jdk-11.0.17\bin\java.dll
0x00007ffb03a20000 - 0x00007ffb03a2a000 	C:\Program Files\Java\jdk-11.0.17\bin\jimage.dll
0x00007ffb0a540000 - 0x00007ffb0a54e000 	C:\Program Files\Java\jdk-11.0.17\bin\instrument.dll
0x00007ffafd500000 - 0x00007ffafd516000 	C:\Program Files\Java\jdk-11.0.17\bin\zip.dll
0x00007ffb0ce80000 - 0x00007ffb0d5c4000 	C:\Windows\System32\SHELL32.dll
0x00007ffb09090000 - 0x00007ffb09823000 	C:\Windows\SYSTEM32\windows.storage.dll
0x00007ffb0d870000 - 0x00007ffb0dbc4000 	C:\Windows\System32\combase.dll
0x00007ffb0b380000 - 0x00007ffb0b3ae000 	C:\Windows\SYSTEM32\Wldp.dll
0x00007ffb0c8c0000 - 0x00007ffb0c96d000 	C:\Windows\System32\SHCORE.dll
0x00007ffb0d5d0000 - 0x00007ffb0d625000 	C:\Windows\System32\shlwapi.dll
0x00007ffb0bd30000 - 0x00007ffb0bd4f000 	C:\Windows\SYSTEM32\profapi.dll
0x00007ffaf7c70000 - 0x00007ffaf7c89000 	C:\Program Files\Java\jdk-11.0.17\bin\net.dll
0x00007ffb01490000 - 0x00007ffb0159a000 	C:\Windows\SYSTEM32\WINHTTP.dll
0x00007ffb0b100000 - 0x00007ffb0b16a000 	C:\Windows\system32\mswsock.dll
0x00007ffaebc80000 - 0x00007ffaebc92000 	C:\Program Files\Java\jdk-11.0.17\bin\nio.dll
0x00007ffb06ac0000 - 0x00007ffb06ada000 	C:\Program Files\JetBrains\IntelliJ IDEA 2023.1.2\bin\breakgen64.dll
0x000001a8db370000 - 0x000001a8db373000 	C:\Users\Tharushi\.openjfx\cache\19.0.2.1+1\amd64\api-ms-win-core-console-l1-1-0.dll
0x000001a8fd740000 - 0x000001a8fd743000 	C:\Users\Tharushi\.openjfx\cache\19.0.2.1+1\amd64\api-ms-win-core-console-l1-2-0.dll
0x000001a8fd750000 - 0x000001a8fd753000 	C:\Users\Tharushi\.openjfx\cache\19.0.2.1+1\amd64\api-ms-win-core-datetime-l1-1-0.dll
0x000001a8fd760000 - 0x000001a8fd763000 	C:\Users\Tharushi\.openjfx\cache\19.0.2.1+1\amd64\api-ms-win-core-debug-l1-1-0.dll
0x000001a8fd770000 - 0x000001a8fd773000 	C:\Users\Tharushi\.openjfx\cache\19.0.2.1+1\amd64\api-ms-win-core-errorhandling-l1-1-0.dll
0x000001a8fd780000 - 0x000001a8fd784000 	C:\Users\Tharushi\.openjfx\cache\19.0.2.1+1\amd64\api-ms-win-core-file-l1-1-0.dll
0x000001a8fd9c0000 - 0x000001a8fd9c3000 	C:\Users\Tharushi\.openjfx\cache\19.0.2.1+1\amd64\api-ms-win-core-file-l1-2-0.dll
0x000001a8fd790000 - 0x000001a8fd793000 	C:\Users\Tharushi\.openjfx\cache\19.0.2.1+1\amd64\api-ms-win-core-file-l2-1-0.dll
0x000001a8fd7a0000 - 0x000001a8fd7a3000 	C:\Users\Tharushi\.openjfx\cache\19.0.2.1+1\amd64\api-ms-win-core-handle-l1-1-0.dll
0x000001a8fd7b0000 - 0x000001a8fd7b3000 	C:\Users\Tharushi\.openjfx\cache\19.0.2.1+1\amd64\api-ms-win-core-heap-l1-1-0.dll
0x000001a8fd7c0000 - 0x000001a8fd7c3000 	C:\Users\Tharushi\.openjfx\cache\19.0.2.1+1\amd64\api-ms-win-core-interlocked-l1-1-0.dll
0x000001a8fd7d0000 - 0x000001a8fd7d3000 	C:\Users\Tharushi\.openjfx\cache\19.0.2.1+1\amd64\api-ms-win-core-libraryloader-l1-1-0.dll
0x000001a8fd7e0000 - 0x000001a8fd7e3000 	C:\Users\Tharushi\.openjfx\cache\19.0.2.1+1\amd64\api-ms-win-core-localization-l1-2-0.dll
0x000001a8fd7f0000 - 0x000001a8fd7f3000 	C:\Users\Tharushi\.openjfx\cache\19.0.2.1+1\amd64\api-ms-win-core-memory-l1-1-0.dll
0x000001a8fd800000 - 0x000001a8fd803000 	C:\Users\Tharushi\.openjfx\cache\19.0.2.1+1\amd64\api-ms-win-core-namedpipe-l1-1-0.dll
0x000001a8fd810000 - 0x000001a8fd813000 	C:\Users\Tharushi\.openjfx\cache\19.0.2.1+1\amd64\api-ms-win-core-processenvironment-l1-1-0.dll
0x000001a8fd820000 - 0x000001a8fd823000 	C:\Users\Tharushi\.openjfx\cache\19.0.2.1+1\amd64\api-ms-win-core-processthreads-l1-1-0.dll
0x000001a8fd830000 - 0x000001a8fd833000 	C:\Users\Tharushi\.openjfx\cache\19.0.2.1+1\amd64\api-ms-win-core-processthreads-l1-1-1.dll
0x000001a8fd840000 - 0x000001a8fd843000 	C:\Users\Tharushi\.openjfx\cache\19.0.2.1+1\amd64\api-ms-win-core-profile-l1-1-0.dll
0x000001a8fd850000 - 0x000001a8fd853000 	C:\Users\Tharushi\.openjfx\cache\19.0.2.1+1\amd64\api-ms-win-core-rtlsupport-l1-1-0.dll
0x000001a8fd860000 - 0x000001a8fd863000 	C:\Users\Tharushi\.openjfx\cache\19.0.2.1+1\amd64\api-ms-win-core-string-l1-1-0.dll
0x000001a8fd870000 - 0x000001a8fd873000 	C:\Users\Tharushi\.openjfx\cache\19.0.2.1+1\amd64\api-ms-win-core-synch-l1-1-0.dll
0x000001a8fd880000 - 0x000001a8fd883000 	C:\Users\Tharushi\.openjfx\cache\19.0.2.1+1\amd64\api-ms-win-core-synch-l1-2-0.dll
0x000001a8fd890000 - 0x000001a8fd893000 	C:\Users\Tharushi\.openjfx\cache\19.0.2.1+1\amd64\api-ms-win-core-sysinfo-l1-1-0.dll
0x000001a8fd8a0000 - 0x000001a8fd8a3000 	C:\Users\Tharushi\.openjfx\cache\19.0.2.1+1\amd64\api-ms-win-core-timezone-l1-1-0.dll
0x000001a8fd8b0000 - 0x000001a8fd8b3000 	C:\Users\Tharushi\.openjfx\cache\19.0.2.1+1\amd64\api-ms-win-core-util-l1-1-0.dll
0x000001a8fd8c0000 - 0x000001a8fd8c3000 	C:\Users\Tharushi\.openjfx\cache\19.0.2.1+1\amd64\api-ms-win-crt-conio-l1-1-0.dll
0x000001a8fd8d0000 - 0x000001a8fd8d4000 	C:\Users\Tharushi\.openjfx\cache\19.0.2.1+1\amd64\api-ms-win-crt-convert-l1-1-0.dll
0x000001a8fd8e0000 - 0x000001a8fd8e3000 	C:\Users\Tharushi\.openjfx\cache\19.0.2.1+1\amd64\api-ms-win-crt-environment-l1-1-0.dll
0x000001a8fd8f0000 - 0x000001a8fd8f3000 	C:\Users\Tharushi\.openjfx\cache\19.0.2.1+1\amd64\api-ms-win-crt-filesystem-l1-1-0.dll
0x000001a8fd900000 - 0x000001a8fd903000 	C:\Users\Tharushi\.openjfx\cache\19.0.2.1+1\amd64\api-ms-win-crt-heap-l1-1-0.dll
0x000001a8fd910000 - 0x000001a8fd913000 	C:\Users\Tharushi\.openjfx\cache\19.0.2.1+1\amd64\api-ms-win-crt-locale-l1-1-0.dll
0x000001a8fd920000 - 0x000001a8fd925000 	C:\Users\Tharushi\.openjfx\cache\19.0.2.1+1\amd64\api-ms-win-crt-math-l1-1-0.dll
0x000001a8fd930000 - 0x000001a8fd935000 	C:\Users\Tharushi\.openjfx\cache\19.0.2.1+1\amd64\api-ms-win-crt-multibyte-l1-1-0.dll
0x000001a8fd960000 - 0x000001a8fd970000 	C:\Users\Tharushi\.openjfx\cache\19.0.2.1+1\amd64\api-ms-win-crt-private-l1-1-0.dll
0x000001a8fd970000 - 0x000001a8fd973000 	C:\Users\Tharushi\.openjfx\cache\19.0.2.1+1\amd64\api-ms-win-crt-process-l1-1-0.dll
0x000001a8fd980000 - 0x000001a8fd984000 	C:\Users\Tharushi\.openjfx\cache\19.0.2.1+1\amd64\api-ms-win-crt-runtime-l1-1-0.dll
0x000001a8fd940000 - 0x000001a8fd944000 	C:\Users\Tharushi\.openjfx\cache\19.0.2.1+1\amd64\api-ms-win-crt-stdio-l1-1-0.dll
0x000001a8fd9a0000 - 0x000001a8fd9a4000 	C:\Users\Tharushi\.openjfx\cache\19.0.2.1+1\amd64\api-ms-win-crt-string-l1-1-0.dll
0x000001a8fd9b0000 - 0x000001a8fd9b3000 	C:\Users\Tharushi\.openjfx\cache\19.0.2.1+1\amd64\api-ms-win-crt-time-l1-1-0.dll
0x000001a8fd9d0000 - 0x000001a8fd9d3000 	C:\Users\Tharushi\.openjfx\cache\19.0.2.1+1\amd64\api-ms-win-crt-utility-l1-1-0.dll
0x00007ffadb280000 - 0x00007ffadb37c000 	C:\Users\Tharushi\.openjfx\cache\19.0.2.1+1\amd64\ucrtbase.dll
0x00007ffaff4f0000 - 0x00007ffaff50b000 	C:\Users\Tharushi\.openjfx\cache\19.0.2.1+1\amd64\vcruntime140.dll
0x00007ffb0a530000 - 0x00007ffb0a53c000 	C:\Users\Tharushi\.openjfx\cache\19.0.2.1+1\amd64\vcruntime140_1.dll
0x00007ffaeb6f0000 - 0x00007ffaeb77e000 	C:\Users\Tharushi\.openjfx\cache\19.0.2.1+1\amd64\msvcp140.dll
0x00007ffaff770000 - 0x00007ffaff779000 	C:\Users\Tharushi\.openjfx\cache\19.0.2.1+1\amd64\msvcp140_1.dll
0x00007ffafd130000 - 0x00007ffafd160000 	C:\Users\Tharushi\.openjfx\cache\19.0.2.1+1\amd64\msvcp140_2.dll
0x00007ffaf3aa0000 - 0x00007ffaf3acc000 	C:\Users\Tharushi\.openjfx\cache\19.0.2.1+1\amd64\prism_d3d.dll
0x00007ffadaff0000 - 0x00007ffadb1bd000 	C:\Windows\system32\d3d9.dll
0x00007ffb08b80000 - 0x00007ffb08baf000 	C:\Windows\SYSTEM32\dwmapi.dll
0x00007ffb08a80000 - 0x00007ffb08b1e000 	C:\Windows\system32\uxtheme.dll
0x00007ffb01d40000 - 0x00007ffb02436000 	C:\Windows\SYSTEM32\d3d10warp.dll
0x00007ffaebb20000 - 0x00007ffaebb62000 	C:\Users\Tharushi\.openjfx\cache\19.0.2.1+1\amd64\glass.dll
0x00007ffb0c970000 - 0x00007ffb0ca4a000 	C:\Windows\System32\COMDLG32.dll
0x00007ffb0e420000 - 0x00007ffb0e54a000 	C:\Windows\System32\ole32.dll
0x00007ffb0e550000 - 0x00007ffb0e61d000 	C:\Windows\System32\OLEAUT32.dll
0x00007ffb0cca0000 - 0x00007ffb0cdb4000 	C:\Windows\System32\MSCTF.dll
0x00007ffb01ce0000 - 0x00007ffb01d1b000 	C:\Windows\SYSTEM32\dxcore.dll
0x00007ffb0bfc0000 - 0x00007ffb0c00e000 	C:\Windows\System32\cfgmgr32.dll
0x00007ffaebe40000 - 0x00007ffaebe54000 	C:\Users\Tharushi\.openjfx\cache\19.0.2.1+1\amd64\javafx_font.dll
0x00007ffaf7450000 - 0x00007ffaf76cf000 	C:\Windows\SYSTEM32\dwrite.dll
0x00007ffb0e620000 - 0x00007ffb0e6c9000 	C:\Windows\System32\clbcatq.dll
0x00007ffb04dc0000 - 0x00007ffb04f74000 	C:\Windows\SYSTEM32\WindowsCodecs.dll
0x00007ffb0c310000 - 0x00007ffb0c337000 	C:\Windows\System32\bcrypt.dll
0x00007ffafd320000 - 0x00007ffafd35e000 	C:\Windows\system32\dataexchange.dll
0x00007ffb077b0000 - 0x00007ffb07a13000 	C:\Windows\system32\d3d11.dll
0x00007ffb07cd0000 - 0x00007ffb07eb3000 	C:\Windows\system32\dcomp.dll
0x00007ffb098b0000 - 0x00007ffb099a3000 	C:\Windows\system32\dxgi.dll
0x00007ffb04b10000 - 0x00007ffb04d10000 	C:\Windows\system32\twinapi.appcore.dll
0x00007ffaeb560000 - 0x00007ffaeb594000 	C:\Program Files\Common Files\Microsoft Shared\Ink\rtscom.dll
0x00007ffb058c0000 - 0x00007ffb059ba000 	C:\Windows\SYSTEM32\textinputframework.dll
0x00007ffb08680000 - 0x00007ffb08772000 	C:\Windows\System32\CoreMessaging.dll
0x00007ffb08240000 - 0x00007ffb0859e000 	C:\Windows\System32\CoreUIComponents.dll
0x00007ffb0bad0000 - 0x00007ffb0bb03000 	C:\Windows\SYSTEM32\ntmarta.dll
0x00007ffb07b70000 - 0x00007ffb07cc4000 	C:\Windows\SYSTEM32\wintypes.dll

dbghelp: loaded successfully - version: 4.0.5 - missing functions: none
symbol engine: initialized successfully - sym options: 0x614 - pdb path: .;C:\Program Files\Java\jdk-11.0.17\bin;C:\Windows\SYSTEM32;C:\Windows\WinSxS\amd64_microsoft.windows.common-controls_6595b64144ccf1df_6.0.19041.1110_none_60b5254171f9507e;C:\Program Files\Java\jdk-11.0.17\bin\server;C:\Program Files\JetBrains\IntelliJ IDEA 2023.1.2\bin;C:\Users\Tharushi\.openjfx\cache\19.0.2.1+1\amd64;C:\Program Files\Common Files\Microsoft Shared\Ink

VM Arguments:
jvm_args: -javaagent:C:\Program Files\JetBrains\IntelliJ IDEA 2023.1.2\lib\idea_rt.jar=62904:C:\Program Files\JetBrains\IntelliJ IDEA 2023.1.2\bin -Dfile.encoding=UTF-8 
java_command: lk.ijse.yummy_food_project.AppInitializerWrapper
java_class_path (initial): C:\Users\Tharushi\Desktop\yummy_food_project2\target\classes;C:\Users\Tharushi\.m2\repository\org\openjfx\javafx-fxml\19.0.2.1\javafx-fxml-19.0.2.1.jar;C:\Users\Tharushi\.m2\repository\org\openjfx\javafx-fxml\19.0.2.1\javafx-fxml-19.0.2.1-win.jar;C:\Users\Tharushi\.m2\repository\org\openjfx\javafx-controls\19.0.2.1\javafx-controls-19.0.2.1.jar;C:\Users\Tharushi\.m2\repository\org\openjfx\javafx-controls\19.0.2.1\javafx-controls-19.0.2.1-win.jar;C:\Users\Tharushi\.m2\repository\org\openjfx\javafx-graphics\19.0.2.1\javafx-graphics-19.0.2.1.jar;C:\Users\Tharushi\.m2\repository\org\openjfx\javafx-graphics\19.0.2.1\javafx-graphics-19.0.2.1-win.jar;C:\Users\Tharushi\.m2\repository\org\openjfx\javafx-base\19.0.2.1\javafx-base-19.0.2.1.jar;C:\Users\Tharushi\.m2\repository\org\openjfx\javafx-base\19.0.2.1\javafx-base-19.0.2.1-win.jar;C:\Users\Tharushi\.m2\repository\com\jfoenix\jfoenix\9.0.10\jfoenix-9.0.10.jar;C:\Users\Tharushi\.m2\repository\com\mysql\mysql-connector-j\8.0.33\mysql-connector-j-8.0.33.jar;C:\Users\Tharushi\.m2\repository\com\google\protobuf\protobuf-java\3.21.9\protobuf-java-3.21.9.jar;C:\Users\Tharushi\.m2\repository\net\sf\jasperreports\jasperreports\6.20.5\jasperreports-6.20.5.jar;C:\Users\Tharushi\.m2\repository\commons-beanutils\commons-beanutils\1.9.4\commons-beanutils-1.9.4.jar;C:\Users\Tharushi\.m2\repository\commons-collections\commons-collections\3.2.2\commons-collections-3.2.2.jar;C:\Users\Tharushi\.m2\repository\commons-digester\commons-digester\2.1\commons-digester-2.1.jar;C:\Users\Tharushi\.m2\repository\commons-logging\commons-logging\1.1.1\commons-logging-1.1.1.jar;C:\Users\Tharushi\.m2\repository\org\apache\commons\commons-collections4\4.2\commons-collections4-4.2.jar;C:\Users\Tharushi\.m2\repository\com\github\librepdf\openpdf\1.3.30.jaspersoft.2\openpdf-1.3.30.jaspersoft.2.jar;C:\Users\Tharushi\.m2\repository\org\jfree\jcommon\1.0.23\jcommon-1.0.23.jar;C:\Users\Tharushi\.m2\repository\org\jfree\jfreechart\1.0.
Launcher Type: SUN_STANDARD

[Global flags]
     intx CICompilerCount                          = 3                                         {product} {ergonomic}
     uint ConcGCThreads                            = 1                                         {product} {ergonomic}
     uint G1ConcRefinementThreads                  = 4                                         {product} {ergonomic}
   size_t G1HeapRegionSize                         = 1048576                                   {product} {ergonomic}
    uintx GCDrainStackTargetSize                   = 64                                        {product} {ergonomic}
   size_t InitialHeapSize                          = 199229440                                 {product} {ergonomic}
   size_t MarkStackSize                            = 4194304                                   {product} {ergonomic}
   size_t MaxHeapSize                              = 3187671040                                {product} {ergonomic}
   size_t MaxNewSize                               = 1912602624                                {product} {ergonomic}
   size_t MinHeapDeltaBytes                        = 1048576                                   {product} {ergonomic}
    uintx NonNMethodCodeHeapSize                   = 5830732                                {pd product} {ergonomic}
    uintx NonProfiledCodeHeapSize                  = 122913754                              {pd product} {ergonomic}
    uintx ProfiledCodeHeapSize                     = 122913754                              {pd product} {ergonomic}
    uintx ReservedCodeCacheSize                    = 251658240                              {pd product} {ergonomic}
     bool SegmentedCodeCache                       = true                                      {product} {ergonomic}
     bool UseCompressedClassPointers               = true                                 {lp64_product} {ergonomic}
     bool UseCompressedOops                        = true                                 {lp64_product} {ergonomic}
     bool UseG1GC                                  = true                                      {product} {ergonomic}
     bool UseLargePagesIndividualAllocation        = false                                  {pd product} {ergonomic}

Logging:
Log output configuration:
 #0: stdout all=warning uptime,level,tags
 #1: stderr all=off uptime,level,tags

Environment Variables:
PATH=C:\Program Files\Common Files\Oracle\Java\javapath;C:\Windows\system32;C:\Windows;C:\Windows\System32\Wbem;C:\Windows\System32\WindowsPowerShell\v1.0\;C:\Windows\System32\OpenSSH\;C:\Program Files\Git\cmd;C:\Program Files\MySQL\MySQL Shell 8.0\bin\;C:\Users\Tharushi\AppData\Local\Microsoft\WindowsApps;;C:\Program Files\JetBrains\IntelliJ IDEA 2023.1.2\bin;
USERNAME=Tharushi
OS=Windows_NT
PROCESSOR_IDENTIFIER=Intel64 Family 6 Model 142 Stepping 10, GenuineIntel



---------------  S Y S T E M  ---------------

OS: Windows 10 , 64 bit Build 19041 (10.0.19041.2913)

CPU:total 4 (initial active 4) (2 cores per cpu, 2 threads per core) family 6 model 142 stepping 10 microcode 0xb4, cmov, cx8, fxsr, mmx, sse, sse2, sse3, ssse3, sse4.1, sse4.2, popcnt, avx, avx2, aes, clmul, erms, 3dnowpref, lzcnt, ht, tsc, tscinvbit, bmi1, bmi2, adx, fma

Memory: 4k page, system-wide physical 12153M (6577M free)
TotalPageFile size 14009M (AvailPageFile size 6766M)
current process WorkingSet (physical memory assigned to process): 165M, peak: 165M
current process commit charge ("private bytes"): 357M, peak: 358M

vm_info: Java HotSpot(TM) 64-Bit Server VM (11.0.17+10-LTS-269) for windows-amd64 JRE (11.0.17+10-LTS-269), built on Sep 13 2022 19:26:37 by "mach5one" with MS VC++ 15.9 (VS2017)

END.
