#
# A fatal error has been detected by the Java Runtime Environment:
#
#  EXCEPTION_ACCESS_VIOLATION (0xc0000005) at pc=0x00007ffb01e95344, pid=9284, tid=2240
#
# JRE version: Java(TM) SE Runtime Environment 18.9 (11.0.17+10) (build 11.0.17+10-LTS-269)
# Java VM: Java HotSpot(TM) 64-Bit Server VM 18.9 (11.0.17+10-LTS-269, mixed mode, tiered, compressed oops, g1 gc, windows-amd64)
# Problematic frame:
# C  [d3d10warp.dll+0x155344]
#
# No core dump will be written. Minidumps are not enabled by default on client versions of Windows
#
# If you would like to submit a bug report, please visit:
#   https://bugreport.java.com/bugreport/crash.jsp
# The crash happened outside the Java Virtual Machine in native code.
# See problematic frame for where to report the bug.
#

---------------  S U M M A R Y ------------

Command Line: -javaagent:C:\Program Files\JetBrains\IntelliJ IDEA 2023.1.2\lib\idea_rt.jar=62974:C:\Program Files\JetBrains\IntelliJ IDEA 2023.1.2\bin -Dfile.encoding=UTF-8 lk.ijse.yummy_food_project.AppInitializerWrapper

Host: Intel(R) Core(TM) i3-8130U CPU @ 2.20GHz, 4 cores, 11G,  Windows 10 , 64 bit Build 19041 (10.0.19041.2913)
Time: Thu Jan  4 20:35:05 2024 Sri Lanka Standard Time elapsed time: 3.426683 seconds (0d 0h 0m 3s)

---------------  T H R E A D  ---------------

Current thread (0x0000023c218c7000):  JavaThread "QuantumRenderer-0" daemon [_thread_in_native, id=2240, stack(0x000000ae02e00000,0x000000ae02f00000)]

Stack: [0x000000ae02e00000,0x000000ae02f00000],  sp=0x000000ae02efae00,  free space=1003k
Native frames: (J=compiled Java code, j=interpreted, Vv=VM code, C=native code)
C  [d3d10warp.dll+0x155344]

Java frames: (J=compiled Java code, j=interpreted, Vv=VM code)
j  com.sun.prism.d3d.D3DContext.nDrawIndexedQuads(J[F[BI)I+0
j  com.sun.prism.d3d.D3DContext.renderQuads([F[BI)V+7
j  com.sun.prism.impl.BaseContext.drawQuads([F[BI)V+8
j  com.sun.prism.impl.VertexBuffer.flush()V+23
j  com.sun.prism.impl.BaseContext.flushVertexBuffer()V+12
j  com.sun.prism.d3d.D3DSwapChain.prepare(Lcom/sun/javafx/geom/Rectangle;)Z+121
j  com.sun.javafx.tk.quantum.PresentingPainter.run()V+355
j  java.util.concurrent.Executors$RunnableAdapter.call()Ljava/lang/Object;+4 java.base@11.0.17
j  java.util.concurrent.FutureTask.runAndReset()Z+44 java.base@11.0.17
j  com.sun.javafx.tk.RenderJob.run()V+1
j  java.util.concurrent.ThreadPoolExecutor.runWorker(Ljava/util/concurrent/ThreadPoolExecutor$Worker;)V+92 java.base@11.0.17
j  java.util.concurrent.ThreadPoolExecutor$Worker.run()V+5 java.base@11.0.17
j  com.sun.javafx.tk.quantum.QuantumRenderer$PipelineRunnable.run()V+8
j  java.lang.Thread.run()V+11 java.base@11.0.17
v  ~StubRoutines::call_stub

siginfo: EXCEPTION_ACCESS_VIOLATION (0xc0000005), writing address 0x000000ae0306b0f0


Register to memory mapping:

RIP=0x00007ffb01e95344 d3d10warp.dll
RAX=0x000000000000001a is an unknown value
RBX=0x0000000000000001 is an unknown value
RCX=0x00007ffb01e95336 d3d10warp.dll
RDX=0x00007ffb01d40000 d3d10warp.dll
RSP=0x000000ae02efae00 is pointing into the stack for thread: 0x0000023c218c7000
RBP=0x000000ae02efaf00 is pointing into the stack for thread: 0x0000023c218c7000
RSI=0x000000ae02efdca0 is pointing into the stack for thread: 0x0000023c218c7000
RDI=0x000000ae02efc770 is pointing into the stack for thread: 0x0000023c218c7000
R8 =0x0000000000000056 is an unknown value
R9 =0x000000ae02efc770 is pointing into the stack for thread: 0x0000023c218c7000
R10=0x000000ae02efe594 is pointing into the stack for thread: 0x0000023c218c7000
R11=0x0000000000000080 is an unknown value
R12=0x000000ae02efd400 is pointing into the stack for thread: 0x0000023c218c7000
R13=0x0000023c261f0090 points into unknown readable memory: 0x00007ffb02323b48 | 48 3b 32 02 fb 7f 00 00
R14=0x0000000000000001 is an unknown value
R15=0x000000ae02efb270 is pointing into the stack for thread: 0x0000023c218c7000


Registers:
RAX=0x000000000000001a, RBX=0x0000000000000001, RCX=0x00007ffb01e95336, RDX=0x00007ffb01d40000
RSP=0x000000ae02efae00, RBP=0x000000ae02efaf00, RSI=0x000000ae02efdca0, RDI=0x000000ae02efc770
R8 =0x0000000000000056, R9 =0x000000ae02efc770, R10=0x000000ae02efe594, R11=0x0000000000000080
R12=0x000000ae02efd400, R13=0x0000023c261f0090, R14=0x0000000000000001, R15=0x000000ae02efb270
RIP=0x00007ffb01e95344, EFLAGS=0x0000000000010206

Top of Stack: (sp=0x000000ae02efae00)
0x000000ae02efae00:   0000000000000000 0000000000000000
0x000000ae02efae10:   0000000000000000 0000000000000000
0x000000ae02efae20:   0000000000000000 00000020ffffffff
0x000000ae02efae30:   0000000000000000 0000000000000000
0x000000ae02efae40:   0000000000000000 0000000000000000
0x000000ae02efae50:   0000000000000000 00000020ffffffff
0x000000ae02efae60:   0000000000000000 0000000000000000
0x000000ae02efae70:   0000000000000000 0000000000000000
0x000000ae02efae80:   0000000000000000 00000020ffffffff
0x000000ae02efae90:   0000000000000000 0000000000000000
0x000000ae02efaea0:   0000000000000000 0000000000000000
0x000000ae02efaeb0:   0000000000000000 00000020ffffffff
0x000000ae02efaec0:   0000000000000000 0000000000000000
0x000000ae02efaed0:   0000000000000000 000000ae02efcb0c
0x000000ae02efaee0:   00007ffb01e395d0 000000ae02efd2d0
0x000000ae02efaef0:   0000000000000000 00007ffb020bfcfb 

Instructions: (pc=0x00007ffb01e95344)
0x00007ffb01e95324:   e0 01 00 00 49 8b cf e8 10 53 fd ff 90 e9 b8 ed
0x00007ffb01e95334:   ff ff 0f 57 c0 f3 0f 7f 85 e0 01 00 00 0f 57 c9
0x00007ffb01e95344:   f3 0f 7f 8d f0 01 17 00 45 33 f6 4c 89 b5 6b 02
0x00007ffb01e95354:   00 00 c7 85 08 02 a0 00 ff ff ff ff c7 85 d3 02 


Stack slot to memory mapping:
stack at sp + 0 slots: 0x0 is NULL
stack at sp + 1 slots: 0x0 is NULL
stack at sp + 2 slots: 0x0 is NULL
stack at sp + 3 slots: 0x0 is NULL
stack at sp + 4 slots: 0x0 is NULL
stack at sp + 5 slots: 0x00000020ffffffff is an unknown value
stack at sp + 6 slots: 0x0 is NULL
stack at sp + 7 slots: 0x0 is NULL


---------------  P R O C E S S  ---------------

Threads class SMR info:
_java_thread_list=0x0000023c22d93650, length=18, elements={
0x0000023c7f50a800, 0x0000023c206d0000, 0x0000023c206d3800, 0x0000023c20f43800,
0x0000023c20f44000, 0x0000023c20f46800, 0x0000023c20f49800, 0x0000023c20f4f800,
0x0000023c20f53800, 0x0000023c210bd800, 0x0000023c21202800, 0x0000023c214f8800,
0x0000023c218c7000, 0x0000023c21fac000, 0x0000023c21a20000, 0x0000023c223d3000,
0x0000023c21ef2000, 0x0000023c22939000
}

Java Threads: ( => current thread )
  0x0000023c7f50a800 JavaThread "main" [_thread_blocked, id=5236, stack(0x000000ae01500000,0x000000ae01600000)]
  0x0000023c206d0000 JavaThread "Reference Handler" daemon [_thread_blocked, id=6004, stack(0x000000ae01c00000,0x000000ae01d00000)]
  0x0000023c206d3800 JavaThread "Finalizer" daemon [_thread_blocked, id=8804, stack(0x000000ae01d00000,0x000000ae01e00000)]
  0x0000023c20f43800 JavaThread "Signal Dispatcher" daemon [_thread_blocked, id=4388, stack(0x000000ae01f00000,0x000000ae02000000)]
  0x0000023c20f44000 JavaThread "Attach Listener" daemon [_thread_blocked, id=6800, stack(0x000000ae02000000,0x000000ae02100000)]
  0x0000023c20f46800 JavaThread "Service Thread" daemon [_thread_blocked, id=5724, stack(0x000000ae02100000,0x000000ae02200000)]
  0x0000023c20f49800 JavaThread "C2 CompilerThread0" daemon [_thread_blocked, id=5048, stack(0x000000ae02200000,0x000000ae02300000)]
  0x0000023c20f4f800 JavaThread "C1 CompilerThread0" daemon [_thread_blocked, id=6116, stack(0x000000ae02300000,0x000000ae02400000)]
  0x0000023c20f53800 JavaThread "Sweeper thread" daemon [_thread_blocked, id=552, stack(0x000000ae02400000,0x000000ae02500000)]
  0x0000023c210bd800 JavaThread "Common-Cleaner" daemon [_thread_blocked, id=944, stack(0x000000ae02500000,0x000000ae02600000)]
  0x0000023c21202800 JavaThread "Monitor Ctrl-Break" daemon [_thread_in_native, id=5484, stack(0x000000ae02600000,0x000000ae02700000)]
  0x0000023c214f8800 JavaThread "JavaFX-Launcher" [_thread_blocked, id=3740, stack(0x000000ae02800000,0x000000ae02900000)]
=>0x0000023c218c7000 JavaThread "QuantumRenderer-0" daemon [_thread_in_native, id=2240, stack(0x000000ae02e00000,0x000000ae02f00000)]
  0x0000023c21fac000 JavaThread "InvokeLaterDispatcher" daemon [_thread_blocked, id=10452, stack(0x000000ae02f00000,0x000000ae03000000)]
  0x0000023c21a20000 JavaThread "JavaFX Application Thread" [_thread_blocked, id=6584, stack(0x000000ae03000000,0x000000ae03100000)]
  0x0000023c223d3000 JavaThread "Thread-2" daemon [_thread_in_native, id=10336, stack(0x000000ae02900000,0x000000ae02a00000)]
  0x0000023c21ef2000 JavaThread "Prism Font Disposer" daemon [_thread_blocked, id=8680, stack(0x000000ae03500000,0x000000ae03600000)]
  0x0000023c22939000 JavaThread "Cleaner-0" daemon [_thread_blocked, id=9192, stack(0x000000ae03700000,0x000000ae03800000)]

Other Threads:
  0x0000023c20f01800 VMThread "VM Thread" [stack: 0x000000ae01b00000,0x000000ae01c00000] [id=10280]
  0x0000023c214d5000 WatcherThread [stack: 0x000000ae02700000,0x000000ae02800000] [id=9596]
  0x0000023c7f521000 GCTaskThread "GC Thread#0" [stack: 0x000000ae01600000,0x000000ae01700000] [id=8460]
  0x0000023c223c5800 GCTaskThread "GC Thread#1" [stack: 0x000000ae02a00000,0x000000ae02b00000] [id=272]
  0x0000023c224ca800 GCTaskThread "GC Thread#2" [stack: 0x000000ae02b00000,0x000000ae02c00000] [id=5648]
  0x0000023c21708800 GCTaskThread "GC Thread#3" [stack: 0x000000ae02c00000,0x000000ae02d00000] [id=8816]
  0x0000023c7f565800 ConcurrentGCThread "G1 Main Marker" [stack: 0x000000ae01700000,0x000000ae01800000] [id=8576]
  0x0000023c7f568000 ConcurrentGCThread "G1 Conc#0" [stack: 0x000000ae01800000,0x000000ae01900000] [id=1008]
  0x0000023c7f5ed800 ConcurrentGCThread "G1 Refine#0" [stack: 0x000000ae01900000,0x000000ae01a00000] [id=5612]
  0x0000023c214aa000 ConcurrentGCThread "G1 Refine#1" [stack: 0x000000ae02d00000,0x000000ae02e00000] [id=5504]
  0x0000023c20528800 ConcurrentGCThread "G1 Young RemSet Sampling" [stack: 0x000000ae01a00000,0x000000ae01b00000] [id=4936]

Threads with active compile tasks:

VM state:not at safepoint (normal execution)

VM Mutex/Monitor currently owned by a thread: None

Heap address: 0x0000000742000000, size: 3040 MB, Compressed Oops mode: Zero based, Oop shift amount: 3
Narrow klass base: 0x0000000800000000, Narrow klass shift: 0
Compressed class space size: 1073741824 Address: 0x0000000800000000

Heap:
 garbage-first heap   total 194560K, used 21650K [0x0000000742000000, 0x0000000800000000)
  region size 1024K, 15 young (15360K), 4 survivors (4096K)
 Metaspace       used 23399K, capacity 24203K, committed 24320K, reserved 1071104K
  class space    used 3104K, capacity 3467K, committed 3584K, reserved 1048576K
Heap Regions: E=young(eden), S=young(survivor), O=old, HS=humongous(starts), HC=humongous(continues), CS=collection set, F=free, A=archive, TAMS=top-at-mark-start (previous, next)
|   0|0x0000000742000000, 0x0000000742100000, 0x0000000742100000|100%| O|  |TAMS 0x0000000742100000, 0x0000000742000000| Untracked 
|   1|0x0000000742100000, 0x0000000742200000, 0x0000000742200000|100%| O|  |TAMS 0x0000000742200000, 0x0000000742100000| Untracked 
|   2|0x0000000742200000, 0x0000000742300000, 0x0000000742300000|100%| O|  |TAMS 0x0000000742300000, 0x0000000742200000| Untracked 
|   3|0x0000000742300000, 0x0000000742400000, 0x0000000742400000|100%| O|  |TAMS 0x0000000742400000, 0x0000000742300000| Untracked 
|   4|0x0000000742400000, 0x0000000742500000, 0x0000000742500000|100%| O|  |TAMS 0x0000000742500000, 0x0000000742400000| Untracked 
|   5|0x0000000742500000, 0x0000000742524800, 0x0000000742600000| 14%| O|  |TAMS 0x0000000742524800, 0x0000000742500000| Untracked 
|   6|0x0000000742600000, 0x0000000742700000, 0x0000000742700000|100%|HS|  |TAMS 0x0000000742600000, 0x0000000742600000| Complete 
|   7|0x0000000742700000, 0x0000000742800000, 0x0000000742800000|100%|HC|  |TAMS 0x0000000742700000, 0x0000000742700000| Complete 
|   8|0x0000000742800000, 0x0000000742800000, 0x0000000742900000|  0%| F|  |TAMS 0x0000000742800000, 0x0000000742800000| Untracked 
|   9|0x0000000742900000, 0x0000000742900000, 0x0000000742a00000|  0%| F|  |TAMS 0x0000000742900000, 0x0000000742900000| Untracked 
|  10|0x0000000742a00000, 0x0000000742a00000, 0x0000000742b00000|  0%| F|  |TAMS 0x0000000742a00000, 0x0000000742a00000| Untracked 
|  11|0x0000000742b00000, 0x0000000742b00000, 0x0000000742c00000|  0%| F|  |TAMS 0x0000000742b00000, 0x0000000742b00000| Untracked 
|  12|0x0000000742c00000, 0x0000000742c00000, 0x0000000742d00000|  0%| F|  |TAMS 0x0000000742c00000, 0x0000000742c00000| Untracked 
|  13|0x0000000742d00000, 0x0000000742d00000, 0x0000000742e00000|  0%| F|  |TAMS 0x0000000742d00000, 0x0000000742d00000| Untracked 
|  14|0x0000000742e00000, 0x0000000742e00000, 0x0000000742f00000|  0%| F|  |TAMS 0x0000000742e00000, 0x0000000742e00000| Untracked 
|  15|0x0000000742f00000, 0x0000000742f00000, 0x0000000743000000|  0%| F|  |TAMS 0x0000000742f00000, 0x0000000742f00000| Untracked 
|  16|0x0000000743000000, 0x0000000743000000, 0x0000000743100000|  0%| F|  |TAMS 0x0000000743000000, 0x0000000743000000| Untracked 
|  17|0x0000000743100000, 0x0000000743100000, 0x0000000743200000|  0%| F|  |TAMS 0x0000000743100000, 0x0000000743100000| Untracked 
|  18|0x0000000743200000, 0x0000000743200000, 0x0000000743300000|  0%| F|  |TAMS 0x0000000743200000, 0x0000000743200000| Untracked 
|  19|0x0000000743300000, 0x0000000743300000, 0x0000000743400000|  0%| F|  |TAMS 0x0000000743300000, 0x0000000743300000| Untracked 
|  20|0x0000000743400000, 0x0000000743400000, 0x0000000743500000|  0%| F|  |TAMS 0x0000000743400000, 0x0000000743400000| Untracked 
|  21|0x0000000743500000, 0x0000000743500000, 0x0000000743600000|  0%| F|  |TAMS 0x0000000743500000, 0x0000000743500000| Untracked 
|  22|0x0000000743600000, 0x0000000743600000, 0x0000000743700000|  0%| F|  |TAMS 0x0000000743600000, 0x0000000743600000| Untracked 
|  23|0x0000000743700000, 0x0000000743700000, 0x0000000743800000|  0%| F|  |TAMS 0x0000000743700000, 0x0000000743700000| Untracked 
|  24|0x0000000743800000, 0x0000000743800000, 0x0000000743900000|  0%| F|  |TAMS 0x0000000743800000, 0x0000000743800000| Untracked 
|  25|0x0000000743900000, 0x0000000743900000, 0x0000000743a00000|  0%| F|  |TAMS 0x0000000743900000, 0x0000000743900000| Untracked 
|  26|0x0000000743a00000, 0x0000000743a00000, 0x0000000743b00000|  0%| F|  |TAMS 0x0000000743a00000, 0x0000000743a00000| Untracked 
|  27|0x0000000743b00000, 0x0000000743b00000, 0x0000000743c00000|  0%| F|  |TAMS 0x0000000743b00000, 0x0000000743b00000| Untracked 
|  28|0x0000000743c00000, 0x0000000743c00000, 0x0000000743d00000|  0%| F|  |TAMS 0x0000000743c00000, 0x0000000743c00000| Untracked 
|  29|0x0000000743d00000, 0x0000000743d00000, 0x0000000743e00000|  0%| F|  |TAMS 0x0000000743d00000, 0x0000000743d00000| Untracked 
|  30|0x0000000743e00000, 0x0000000743e00000, 0x0000000743f00000|  0%| F|  |TAMS 0x0000000743e00000, 0x0000000743e00000| Untracked 
|  31|0x0000000743f00000, 0x0000000743f00000, 0x0000000744000000|  0%| F|  |TAMS 0x0000000743f00000, 0x0000000743f00000| Untracked 
|  32|0x0000000744000000, 0x0000000744000000, 0x0000000744100000|  0%| F|  |TAMS 0x0000000744000000, 0x0000000744000000| Untracked 
|  33|0x0000000744100000, 0x0000000744100000, 0x0000000744200000|  0%| F|  |TAMS 0x0000000744100000, 0x0000000744100000| Untracked 
|  34|0x0000000744200000, 0x0000000744200000, 0x0000000744300000|  0%| F|  |TAMS 0x0000000744200000, 0x0000000744200000| Untracked 
|  35|0x0000000744300000, 0x0000000744300000, 0x0000000744400000|  0%| F|  |TAMS 0x0000000744300000, 0x0000000744300000| Untracked 
|  36|0x0000000744400000, 0x0000000744400000, 0x0000000744500000|  0%| F|  |TAMS 0x0000000744400000, 0x0000000744400000| Untracked 
|  37|0x0000000744500000, 0x0000000744500000, 0x0000000744600000|  0%| F|  |TAMS 0x0000000744500000, 0x0000000744500000| Untracked 
|  38|0x0000000744600000, 0x0000000744600000, 0x0000000744700000|  0%| F|  |TAMS 0x0000000744600000, 0x0000000744600000| Untracked 
|  39|0x0000000744700000, 0x0000000744700000, 0x0000000744800000|  0%| F|  |TAMS 0x0000000744700000, 0x0000000744700000| Untracked 
|  40|0x0000000744800000, 0x0000000744800000, 0x0000000744900000|  0%| F|  |TAMS 0x0000000744800000, 0x0000000744800000| Untracked 
|  41|0x0000000744900000, 0x0000000744900000, 0x0000000744a00000|  0%| F|  |TAMS 0x0000000744900000, 0x0000000744900000| Untracked 
|  42|0x0000000744a00000, 0x0000000744a00000, 0x0000000744b00000|  0%| F|  |TAMS 0x0000000744a00000, 0x0000000744a00000| Untracked 
|  43|0x0000000744b00000, 0x0000000744b00000, 0x0000000744c00000|  0%| F|  |TAMS 0x0000000744b00000, 0x0000000744b00000| Untracked 
|  44|0x0000000744c00000, 0x0000000744c00000, 0x0000000744d00000|  0%| F|  |TAMS 0x0000000744c00000, 0x0000000744c00000| Untracked 
|  45|0x0000000744d00000, 0x0000000744d00000, 0x0000000744e00000|  0%| F|  |TAMS 0x0000000744d00000, 0x0000000744d00000| Untracked 
|  46|0x0000000744e00000, 0x0000000744e00000, 0x0000000744f00000|  0%| F|  |TAMS 0x0000000744e00000, 0x0000000744e00000| Untracked 
|  47|0x0000000744f00000, 0x0000000744f00000, 0x0000000745000000|  0%| F|  |TAMS 0x0000000744f00000, 0x0000000744f00000| Untracked 
|  48|0x0000000745000000, 0x0000000745000000, 0x0000000745100000|  0%| F|  |TAMS 0x0000000745000000, 0x0000000745000000| Untracked 
|  49|0x0000000745100000, 0x0000000745100000, 0x0000000745200000|  0%| F|  |TAMS 0x0000000745100000, 0x0000000745100000| Untracked 
|  50|0x0000000745200000, 0x0000000745200000, 0x0000000745300000|  0%| F|  |TAMS 0x0000000745200000, 0x0000000745200000| Untracked 
|  51|0x0000000745300000, 0x0000000745300000, 0x0000000745400000|  0%| F|  |TAMS 0x0000000745300000, 0x0000000745300000| Untracked 
|  52|0x0000000745400000, 0x0000000745400000, 0x0000000745500000|  0%| F|  |TAMS 0x0000000745400000, 0x0000000745400000| Untracked 
|  53|0x0000000745500000, 0x0000000745500000, 0x0000000745600000|  0%| F|  |TAMS 0x0000000745500000, 0x0000000745500000| Untracked 
|  54|0x0000000745600000, 0x0000000745600000, 0x0000000745700000|  0%| F|  |TAMS 0x0000000745600000, 0x0000000745600000| Untracked 
|  55|0x0000000745700000, 0x0000000745700000, 0x0000000745800000|  0%| F|  |TAMS 0x0000000745700000, 0x0000000745700000| Untracked 
|  56|0x0000000745800000, 0x0000000745800000, 0x0000000745900000|  0%| F|  |TAMS 0x0000000745800000, 0x0000000745800000| Untracked 
|  57|0x0000000745900000, 0x0000000745900000, 0x0000000745a00000|  0%| F|  |TAMS 0x0000000745900000, 0x0000000745900000| Untracked 
|  58|0x0000000745a00000, 0x0000000745a00000, 0x0000000745b00000|  0%| F|  |TAMS 0x0000000745a00000, 0x0000000745a00000| Untracked 
|  59|0x0000000745b00000, 0x0000000745b00000, 0x0000000745c00000|  0%| F|  |TAMS 0x0000000745b00000, 0x0000000745b00000| Untracked 
|  60|0x0000000745c00000, 0x0000000745c00000, 0x0000000745d00000|  0%| F|  |TAMS 0x0000000745c00000, 0x0000000745c00000| Untracked 
|  61|0x0000000745d00000, 0x0000000745d00000, 0x0000000745e00000|  0%| F|  |TAMS 0x0000000745d00000, 0x0000000745d00000| Untracked 
|  62|0x0000000745e00000, 0x0000000745e00000, 0x0000000745f00000|  0%| F|  |TAMS 0x0000000745e00000, 0x0000000745e00000| Untracked 
|  63|0x0000000745f00000, 0x0000000745f00000, 0x0000000746000000|  0%| F|  |TAMS 0x0000000745f00000, 0x0000000745f00000| Untracked 
|  64|0x0000000746000000, 0x0000000746000000, 0x0000000746100000|  0%| F|  |TAMS 0x0000000746000000, 0x0000000746000000| Untracked 
|  65|0x0000000746100000, 0x0000000746100000, 0x0000000746200000|  0%| F|  |TAMS 0x0000000746100000, 0x0000000746100000| Untracked 
|  66|0x0000000746200000, 0x0000000746200000, 0x0000000746300000|  0%| F|  |TAMS 0x0000000746200000, 0x0000000746200000| Untracked 
|  67|0x0000000746300000, 0x0000000746300000, 0x0000000746400000|  0%| F|  |TAMS 0x0000000746300000, 0x0000000746300000| Untracked 
|  68|0x0000000746400000, 0x0000000746400000, 0x0000000746500000|  0%| F|  |TAMS 0x0000000746400000, 0x0000000746400000| Untracked 
|  69|0x0000000746500000, 0x0000000746500000, 0x0000000746600000|  0%| F|  |TAMS 0x0000000746500000, 0x0000000746500000| Untracked 
|  70|0x0000000746600000, 0x0000000746600000, 0x0000000746700000|  0%| F|  |TAMS 0x0000000746600000, 0x0000000746600000| Untracked 
|  71|0x0000000746700000, 0x0000000746700000, 0x0000000746800000|  0%| F|  |TAMS 0x0000000746700000, 0x0000000746700000| Untracked 
|  72|0x0000000746800000, 0x0000000746800000, 0x0000000746900000|  0%| F|  |TAMS 0x0000000746800000, 0x0000000746800000| Untracked 
|  73|0x0000000746900000, 0x0000000746900000, 0x0000000746a00000|  0%| F|  |TAMS 0x0000000746900000, 0x0000000746900000| Untracked 
|  74|0x0000000746a00000, 0x0000000746a00000, 0x0000000746b00000|  0%| F|  |TAMS 0x0000000746a00000, 0x0000000746a00000| Untracked 
|  75|0x0000000746b00000, 0x0000000746b00000, 0x0000000746c00000|  0%| F|  |TAMS 0x0000000746b00000, 0x0000000746b00000| Untracked 
|  76|0x0000000746c00000, 0x0000000746c00000, 0x0000000746d00000|  0%| F|  |TAMS 0x0000000746c00000, 0x0000000746c00000| Untracked 
|  77|0x0000000746d00000, 0x0000000746d00000, 0x0000000746e00000|  0%| F|  |TAMS 0x0000000746d00000, 0x0000000746d00000| Untracked 
|  78|0x0000000746e00000, 0x0000000746e00000, 0x0000000746f00000|  0%| F|  |TAMS 0x0000000746e00000, 0x0000000746e00000| Untracked 
|  79|0x0000000746f00000, 0x0000000746f00000, 0x0000000747000000|  0%| F|  |TAMS 0x0000000746f00000, 0x0000000746f00000| Untracked 
|  80|0x0000000747000000, 0x0000000747000000, 0x0000000747100000|  0%| F|  |TAMS 0x0000000747000000, 0x0000000747000000| Untracked 
|  81|0x0000000747100000, 0x0000000747100000, 0x0000000747200000|  0%| F|  |TAMS 0x0000000747100000, 0x0000000747100000| Untracked 
|  82|0x0000000747200000, 0x0000000747200000, 0x0000000747300000|  0%| F|  |TAMS 0x0000000747200000, 0x0000000747200000| Untracked 
|  83|0x0000000747300000, 0x0000000747300000, 0x0000000747400000|  0%| F|  |TAMS 0x0000000747300000, 0x0000000747300000| Untracked 
|  84|0x0000000747400000, 0x0000000747400000, 0x0000000747500000|  0%| F|  |TAMS 0x0000000747400000, 0x0000000747400000| Untracked 
|  85|0x0000000747500000, 0x0000000747500000, 0x0000000747600000|  0%| F|  |TAMS 0x0000000747500000, 0x0000000747500000| Untracked 
|  86|0x0000000747600000, 0x0000000747600000, 0x0000000747700000|  0%| F|  |TAMS 0x0000000747600000, 0x0000000747600000| Untracked 
|  87|0x0000000747700000, 0x0000000747700000, 0x0000000747800000|  0%| F|  |TAMS 0x0000000747700000, 0x0000000747700000| Untracked 
|  88|0x0000000747800000, 0x0000000747800000, 0x0000000747900000|  0%| F|  |TAMS 0x0000000747800000, 0x0000000747800000| Untracked 
|  89|0x0000000747900000, 0x0000000747900000, 0x0000000747a00000|  0%| F|  |TAMS 0x0000000747900000, 0x0000000747900000| Untracked 
|  90|0x0000000747a00000, 0x0000000747a00000, 0x0000000747b00000|  0%| F|  |TAMS 0x0000000747a00000, 0x0000000747a00000| Untracked 
|  91|0x0000000747b00000, 0x0000000747b00000, 0x0000000747c00000|  0%| F|  |TAMS 0x0000000747b00000, 0x0000000747b00000| Untracked 
|  92|0x0000000747c00000, 0x0000000747c00000, 0x0000000747d00000|  0%| F|  |TAMS 0x0000000747c00000, 0x0000000747c00000| Untracked 
|  93|0x0000000747d00000, 0x0000000747d00000, 0x0000000747e00000|  0%| F|  |TAMS 0x0000000747d00000, 0x0000000747d00000| Untracked 
|  94|0x0000000747e00000, 0x0000000747e00000, 0x0000000747f00000|  0%| F|  |TAMS 0x0000000747e00000, 0x0000000747e00000| Untracked 
|  95|0x0000000747f00000, 0x0000000747f00000, 0x0000000748000000|  0%| F|  |TAMS 0x0000000747f00000, 0x0000000747f00000| Untracked 
|  96|0x0000000748000000, 0x0000000748000000, 0x0000000748100000|  0%| F|  |TAMS 0x0000000748000000, 0x0000000748000000| Untracked 
|  97|0x0000000748100000, 0x0000000748100000, 0x0000000748200000|  0%| F|  |TAMS 0x0000000748100000, 0x0000000748100000| Untracked 
|  98|0x0000000748200000, 0x0000000748200000, 0x0000000748300000|  0%| F|  |TAMS 0x0000000748200000, 0x0000000748200000| Untracked 
|  99|0x0000000748300000, 0x0000000748300000, 0x0000000748400000|  0%| F|  |TAMS 0x0000000748300000, 0x0000000748300000| Untracked 
| 100|0x0000000748400000, 0x0000000748400000, 0x0000000748500000|  0%| F|  |TAMS 0x0000000748400000, 0x0000000748400000| Untracked 
| 101|0x0000000748500000, 0x0000000748500000, 0x0000000748600000|  0%| F|  |TAMS 0x0000000748500000, 0x0000000748500000| Untracked 
| 102|0x0000000748600000, 0x0000000748600000, 0x0000000748700000|  0%| F|  |TAMS 0x0000000748600000, 0x0000000748600000| Untracked 
| 103|0x0000000748700000, 0x0000000748700000, 0x0000000748800000|  0%| F|  |TAMS 0x0000000748700000, 0x0000000748700000| Untracked 
| 104|0x0000000748800000, 0x0000000748800000, 0x0000000748900000|  0%| F|  |TAMS 0x0000000748800000, 0x0000000748800000| Untracked 
| 105|0x0000000748900000, 0x0000000748900000, 0x0000000748a00000|  0%| F|  |TAMS 0x0000000748900000, 0x0000000748900000| Untracked 
| 106|0x0000000748a00000, 0x0000000748a00000, 0x0000000748b00000|  0%| F|  |TAMS 0x0000000748a00000, 0x0000000748a00000| Untracked 
| 107|0x0000000748b00000, 0x0000000748b00000, 0x0000000748c00000|  0%| F|  |TAMS 0x0000000748b00000, 0x0000000748b00000| Untracked 
| 108|0x0000000748c00000, 0x0000000748c00000, 0x0000000748d00000|  0%| F|  |TAMS 0x0000000748c00000, 0x0000000748c00000| Untracked 
| 109|0x0000000748d00000, 0x0000000748d00000, 0x0000000748e00000|  0%| F|  |TAMS 0x0000000748d00000, 0x0000000748d00000| Untracked 
| 110|0x0000000748e00000, 0x0000000748e00000, 0x0000000748f00000|  0%| F|  |TAMS 0x0000000748e00000, 0x0000000748e00000| Untracked 
| 111|0x0000000748f00000, 0x0000000748f00000, 0x0000000749000000|  0%| F|  |TAMS 0x0000000748f00000, 0x0000000748f00000| Untracked 
| 112|0x0000000749000000, 0x0000000749000000, 0x0000000749100000|  0%| F|  |TAMS 0x0000000749000000, 0x0000000749000000| Untracked 
| 113|0x0000000749100000, 0x0000000749100000, 0x0000000749200000|  0%| F|  |TAMS 0x0000000749100000, 0x0000000749100000| Untracked 
| 114|0x0000000749200000, 0x0000000749200000, 0x0000000749300000|  0%| F|  |TAMS 0x0000000749200000, 0x0000000749200000| Untracked 
| 115|0x0000000749300000, 0x0000000749300000, 0x0000000749400000|  0%| F|  |TAMS 0x0000000749300000, 0x0000000749300000| Untracked 
| 116|0x0000000749400000, 0x0000000749400000, 0x0000000749500000|  0%| F|  |TAMS 0x0000000749400000, 0x0000000749400000| Untracked 
| 117|0x0000000749500000, 0x0000000749500000, 0x0000000749600000|  0%| F|  |TAMS 0x0000000749500000, 0x0000000749500000| Untracked 
| 118|0x0000000749600000, 0x0000000749600000, 0x0000000749700000|  0%| F|  |TAMS 0x0000000749600000, 0x0000000749600000| Untracked 
| 119|0x0000000749700000, 0x0000000749700000, 0x0000000749800000|  0%| F|  |TAMS 0x0000000749700000, 0x0000000749700000| Untracked 
| 120|0x0000000749800000, 0x0000000749800000, 0x0000000749900000|  0%| F|  |TAMS 0x0000000749800000, 0x0000000749800000| Untracked 
| 121|0x0000000749900000, 0x0000000749900000, 0x0000000749a00000|  0%| F|  |TAMS 0x0000000749900000, 0x0000000749900000| Untracked 
| 122|0x0000000749a00000, 0x0000000749a00000, 0x0000000749b00000|  0%| F|  |TAMS 0x0000000749a00000, 0x0000000749a00000| Untracked 
| 123|0x0000000749b00000, 0x0000000749b00000, 0x0000000749c00000|  0%| F|  |TAMS 0x0000000749b00000, 0x0000000749b00000| Untracked 
| 124|0x0000000749c00000, 0x0000000749c00000, 0x0000000749d00000|  0%| F|  |TAMS 0x0000000749c00000, 0x0000000749c00000| Untracked 
| 125|0x0000000749d00000, 0x0000000749d00000, 0x0000000749e00000|  0%| F|  |TAMS 0x0000000749d00000, 0x0000000749d00000| Untracked 
| 126|0x0000000749e00000, 0x0000000749e00000, 0x0000000749f00000|  0%| F|  |TAMS 0x0000000749e00000, 0x0000000749e00000| Untracked 
| 127|0x0000000749f00000, 0x0000000749f00000, 0x000000074a000000|  0%| F|  |TAMS 0x0000000749f00000, 0x0000000749f00000| Untracked 
| 128|0x000000074a000000, 0x000000074a000000, 0x000000074a100000|  0%| F|  |TAMS 0x000000074a000000, 0x000000074a000000| Untracked 
| 129|0x000000074a100000, 0x000000074a100000, 0x000000074a200000|  0%| F|  |TAMS 0x000000074a100000, 0x000000074a100000| Untracked 
| 130|0x000000074a200000, 0x000000074a200000, 0x000000074a300000|  0%| F|  |TAMS 0x000000074a200000, 0x000000074a200000| Untracked 
| 131|0x000000074a300000, 0x000000074a300000, 0x000000074a400000|  0%| F|  |TAMS 0x000000074a300000, 0x000000074a300000| Untracked 
| 132|0x000000074a400000, 0x000000074a400000, 0x000000074a500000|  0%| F|  |TAMS 0x000000074a400000, 0x000000074a400000| Untracked 
| 133|0x000000074a500000, 0x000000074a500000, 0x000000074a600000|  0%| F|  |TAMS 0x000000074a500000, 0x000000074a500000| Untracked 
| 134|0x000000074a600000, 0x000000074a600000, 0x000000074a700000|  0%| F|  |TAMS 0x000000074a600000, 0x000000074a600000| Untracked 
| 135|0x000000074a700000, 0x000000074a700000, 0x000000074a800000|  0%| F|  |TAMS 0x000000074a700000, 0x000000074a700000| Untracked 
| 136|0x000000074a800000, 0x000000074a800000, 0x000000074a900000|  0%| F|  |TAMS 0x000000074a800000, 0x000000074a800000| Untracked 
| 137|0x000000074a900000, 0x000000074a900000, 0x000000074aa00000|  0%| F|  |TAMS 0x000000074a900000, 0x000000074a900000| Untracked 
| 138|0x000000074aa00000, 0x000000074aa00000, 0x000000074ab00000|  0%| F|  |TAMS 0x000000074aa00000, 0x000000074aa00000| Untracked 
| 139|0x000000074ab00000, 0x000000074ab00000, 0x000000074ac00000|  0%| F|  |TAMS 0x000000074ab00000, 0x000000074ab00000| Untracked 
| 140|0x000000074ac00000, 0x000000074ac00000, 0x000000074ad00000|  0%| F|  |TAMS 0x000000074ac00000, 0x000000074ac00000| Untracked 
| 141|0x000000074ad00000, 0x000000074ad00000, 0x000000074ae00000|  0%| F|  |TAMS 0x000000074ad00000, 0x000000074ad00000| Untracked 
| 142|0x000000074ae00000, 0x000000074ae00000, 0x000000074af00000|  0%| F|  |TAMS 0x000000074ae00000, 0x000000074ae00000| Untracked 
| 143|0x000000074af00000, 0x000000074af00000, 0x000000074b000000|  0%| F|  |TAMS 0x000000074af00000, 0x000000074af00000| Untracked 
| 144|0x000000074b000000, 0x000000074b000000, 0x000000074b100000|  0%| F|  |TAMS 0x000000074b000000, 0x000000074b000000| Untracked 
| 145|0x000000074b100000, 0x000000074b100000, 0x000000074b200000|  0%| F|  |TAMS 0x000000074b100000, 0x000000074b100000| Untracked 
| 146|0x000000074b200000, 0x000000074b200000, 0x000000074b300000|  0%| F|  |TAMS 0x000000074b200000, 0x000000074b200000| Untracked 
| 147|0x000000074b300000, 0x000000074b300000, 0x000000074b400000|  0%| F|  |TAMS 0x000000074b300000, 0x000000074b300000| Untracked 
| 148|0x000000074b400000, 0x000000074b400000, 0x000000074b500000|  0%| F|  |TAMS 0x000000074b400000, 0x000000074b400000| Untracked 
| 149|0x000000074b500000, 0x000000074b500000, 0x000000074b600000|  0%| F|  |TAMS 0x000000074b500000, 0x000000074b500000| Untracked 
| 150|0x000000074b600000, 0x000000074b600000, 0x000000074b700000|  0%| F|  |TAMS 0x000000074b600000, 0x000000074b600000| Untracked 
| 151|0x000000074b700000, 0x000000074b700000, 0x000000074b800000|  0%| F|  |TAMS 0x000000074b700000, 0x000000074b700000| Untracked 
| 152|0x000000074b800000, 0x000000074b800000, 0x000000074b900000|  0%| F|  |TAMS 0x000000074b800000, 0x000000074b800000| Untracked 
| 153|0x000000074b900000, 0x000000074b900000, 0x000000074ba00000|  0%| F|  |TAMS 0x000000074b900000, 0x000000074b900000| Untracked 
| 154|0x000000074ba00000, 0x000000074ba00000, 0x000000074bb00000|  0%| F|  |TAMS 0x000000074ba00000, 0x000000074ba00000| Untracked 
| 155|0x000000074bb00000, 0x000000074bb00000, 0x000000074bc00000|  0%| F|  |TAMS 0x000000074bb00000, 0x000000074bb00000| Untracked 
| 156|0x000000074bc00000, 0x000000074bc00000, 0x000000074bd00000|  0%| F|  |TAMS 0x000000074bc00000, 0x000000074bc00000| Untracked 
| 157|0x000000074bd00000, 0x000000074be00000, 0x000000074be00000|100%| S|CS|TAMS 0x000000074bd00000, 0x000000074bd00000| Complete 
| 158|0x000000074be00000, 0x000000074bf00000, 0x000000074bf00000|100%| S|CS|TAMS 0x000000074be00000, 0x000000074be00000| Complete 
| 159|0x000000074bf00000, 0x000000074c000000, 0x000000074c000000|100%| S|CS|TAMS 0x000000074bf00000, 0x000000074bf00000| Complete 
| 160|0x000000074c000000, 0x000000074c100000, 0x000000074c100000|100%| S|CS|TAMS 0x000000074c000000, 0x000000074c000000| Complete 
| 161|0x000000074c100000, 0x000000074c100000, 0x000000074c200000|  0%| F|  |TAMS 0x000000074c100000, 0x000000074c100000| Untracked 
| 162|0x000000074c200000, 0x000000074c200000, 0x000000074c300000|  0%| F|  |TAMS 0x000000074c200000, 0x000000074c200000| Untracked 
| 163|0x000000074c300000, 0x000000074c300000, 0x000000074c400000|  0%| F|  |TAMS 0x000000074c300000, 0x000000074c300000| Untracked 
| 164|0x000000074c400000, 0x000000074c400000, 0x000000074c500000|  0%| F|  |TAMS 0x000000074c400000, 0x000000074c400000| Untracked 
| 165|0x000000074c500000, 0x000000074c500000, 0x000000074c600000|  0%| F|  |TAMS 0x000000074c500000, 0x000000074c500000| Untracked 
| 166|0x000000074c600000, 0x000000074c600000, 0x000000074c700000|  0%| F|  |TAMS 0x000000074c600000, 0x000000074c600000| Untracked 
| 167|0x000000074c700000, 0x000000074c700000, 0x000000074c800000|  0%| F|  |TAMS 0x000000074c700000, 0x000000074c700000| Untracked 
| 168|0x000000074c800000, 0x000000074c800000, 0x000000074c900000|  0%| F|  |TAMS 0x000000074c800000, 0x000000074c800000| Untracked 
| 169|0x000000074c900000, 0x000000074c900000, 0x000000074ca00000|  0%| F|  |TAMS 0x000000074c900000, 0x000000074c900000| Untracked 
| 170|0x000000074ca00000, 0x000000074ca00000, 0x000000074cb00000|  0%| F|  |TAMS 0x000000074ca00000, 0x000000074ca00000| Untracked 
| 171|0x000000074cb00000, 0x000000074cb00000, 0x000000074cc00000|  0%| F|  |TAMS 0x000000074cb00000, 0x000000074cb00000| Untracked 
| 172|0x000000074cc00000, 0x000000074cc00000, 0x000000074cd00000|  0%| F|  |TAMS 0x000000074cc00000, 0x000000074cc00000| Untracked 
| 173|0x000000074cd00000, 0x000000074cd00000, 0x000000074ce00000|  0%| F|  |TAMS 0x000000074cd00000, 0x000000074cd00000| Untracked 
| 174|0x000000074ce00000, 0x000000074ce00000, 0x000000074cf00000|  0%| F|  |TAMS 0x000000074ce00000, 0x000000074ce00000| Untracked 
| 175|0x000000074cf00000, 0x000000074cf00000, 0x000000074d000000|  0%| F|  |TAMS 0x000000074cf00000, 0x000000074cf00000| Untracked 
| 176|0x000000074d000000, 0x000000074d000000, 0x000000074d100000|  0%| F|  |TAMS 0x000000074d000000, 0x000000074d000000| Untracked 
| 177|0x000000074d100000, 0x000000074d100000, 0x000000074d200000|  0%| F|  |TAMS 0x000000074d100000, 0x000000074d100000| Untracked 
| 178|0x000000074d200000, 0x000000074d200000, 0x000000074d300000|  0%| F|  |TAMS 0x000000074d200000, 0x000000074d200000| Untracked 
| 179|0x000000074d300000, 0x000000074d400000, 0x000000074d400000|100%| E|  |TAMS 0x000000074d300000, 0x000000074d300000| Complete 
| 180|0x000000074d400000, 0x000000074d500000, 0x000000074d500000|100%| E|CS|TAMS 0x000000074d400000, 0x000000074d400000| Complete 
| 181|0x000000074d500000, 0x000000074d600000, 0x000000074d600000|100%| E|CS|TAMS 0x000000074d500000, 0x000000074d500000| Complete 
| 182|0x000000074d600000, 0x000000074d700000, 0x000000074d700000|100%| E|CS|TAMS 0x000000074d600000, 0x000000074d600000| Complete 
| 183|0x000000074d700000, 0x000000074d800000, 0x000000074d800000|100%| E|CS|TAMS 0x000000074d700000, 0x000000074d700000| Complete 
| 184|0x000000074d800000, 0x000000074d900000, 0x000000074d900000|100%| E|CS|TAMS 0x000000074d800000, 0x000000074d800000| Complete 
| 185|0x000000074d900000, 0x000000074da00000, 0x000000074da00000|100%| E|CS|TAMS 0x000000074d900000, 0x000000074d900000| Complete 
| 186|0x000000074da00000, 0x000000074db00000, 0x000000074db00000|100%| E|CS|TAMS 0x000000074da00000, 0x000000074da00000| Complete 
| 187|0x000000074db00000, 0x000000074dc00000, 0x000000074dc00000|100%| E|CS|TAMS 0x000000074db00000, 0x000000074db00000| Complete 
| 188|0x000000074dc00000, 0x000000074dd00000, 0x000000074dd00000|100%| E|CS|TAMS 0x000000074dc00000, 0x000000074dc00000| Complete 
| 189|0x000000074dd00000, 0x000000074de00000, 0x000000074de00000|100%| E|CS|TAMS 0x000000074dd00000, 0x000000074dd00000| Complete 

Card table byte_map: [0x0000023c17a00000,0x0000023c17ff0000] _byte_map_base: 0x0000023c13ff0000

Marking Bits (Prev, Next): (CMBitMap*) 0x0000023c7f5590a0, (CMBitMap*) 0x0000023c7f559068
 Prev Bits: [0x0000023c1b560000, 0x0000023c1e4e0000)
 Next Bits: [0x0000023c185e0000, 0x0000023c1b560000)

Polling page: 0x0000023c7e770000

Metaspace:

Usage:
  Non-class:     20.25 MB capacity,    19.82 MB ( 98%) used,   356.15 KB (  2%) free+waste,    84.56 KB ( <1%) overhead. 
      Class:      3.39 MB capacity,     3.03 MB ( 90%) used,   316.12 KB (  9%) free+waste,    46.75 KB (  1%) overhead. 
       Both:     23.64 MB capacity,    22.85 MB ( 97%) used,   672.27 KB (  3%) free+waste,   131.31 KB ( <1%) overhead. 

Virtual space:
  Non-class space:       22.00 MB reserved,      20.25 MB ( 92%) committed 
      Class space:        1.00 GB reserved,       3.50 MB ( <1%) committed 
             Both:        1.02 GB reserved,      23.75 MB (  2%) committed 

Chunk freelists:
   Non-Class:  0 bytes
       Class:  2.63 KB
        Both:  2.63 KB

CodeHeap 'non-profiled nmethods': size=120064Kb used=796Kb max_used=796Kb free=119267Kb
 bounds [0x0000023c104c0000, 0x0000023c10730000, 0x0000023c17a00000]
CodeHeap 'profiled nmethods': size=120000Kb used=3841Kb max_used=3841Kb free=116158Kb
 bounds [0x0000023c08f90000, 0x0000023c09360000, 0x0000023c104c0000]
CodeHeap 'non-nmethods': size=5696Kb used=1348Kb max_used=1364Kb free=4347Kb
 bounds [0x0000023c08a00000, 0x0000023c08c70000, 0x0000023c08f90000]
 total_blobs=2683 nmethods=1914 adapters=680
 compilation: enabled
              stopped_count=0, restarted_count=0
 full_count=0

Compilation events (10 events):
Event: 3.374 Thread 0x0000023c20f4f800 1911       3       com.sun.prism.d3d.D3DContext::validate (45 bytes)
Event: 3.374 Thread 0x0000023c20f4f800 nmethod 1911 0x0000023c09350490 code [0x0000023c09350620, 0x0000023c09350718]
Event: 3.375 Thread 0x0000023c20f4f800 1912       1       com.sun.prism.impl.BaseTexture::getContentWidth (5 bytes)
Event: 3.375 Thread 0x0000023c20f4f800 nmethod 1912 0x0000023c10583890 code [0x0000023c10583a20, 0x0000023c10583ad8]
Event: 3.375 Thread 0x0000023c20f4f800 1913       1       com.sun.javafx.font.PrismFontStrike::getFontResource (5 bytes)
Event: 3.375 Thread 0x0000023c20f4f800 nmethod 1913 0x0000023c10583b90 code [0x0000023c10583d20, 0x0000023c10583dd8]
Event: 3.375 Thread 0x0000023c20f4f800 1914       1       com.sun.prism.impl.BaseTexture::getContentHeight (5 bytes)
Event: 3.375 Thread 0x0000023c20f4f800 nmethod 1914 0x0000023c10583e90 code [0x0000023c10584020, 0x0000023c105840d8]
Event: 3.376 Thread 0x0000023c20f4f800 1915       1       com.sun.prism.impl.BaseTexture::getWrapMode (5 bytes)
Event: 3.376 Thread 0x0000023c20f4f800 nmethod 1915 0x0000023c10584190 code [0x0000023c10584320, 0x0000023c105843d8]

GC Heap History (6 events):
Event: 1.152 GC heap before
{Heap before GC invocations=0 (full 0):
 garbage-first heap   total 194560K, used 13312K [0x0000000742000000, 0x0000000800000000)
  region size 1024K, 14 young (14336K), 0 survivors (0K)
 Metaspace       used 10775K, capacity 11085K, committed 11136K, reserved 1058816K
  class space    used 1027K, capacity 1152K, committed 1152K, reserved 1048576K
}
Event: 1.159 GC heap after
{Heap after GC invocations=1 (full 0):
 garbage-first heap   total 194560K, used 4785K [0x0000000742000000, 0x0000000800000000)
  region size 1024K, 2 young (2048K), 2 survivors (2048K)
 Metaspace       used 10775K, capacity 11085K, committed 11136K, reserved 1058816K
  class space    used 1027K, capacity 1152K, committed 1152K, reserved 1048576K
}
Event: 1.475 GC heap before
{Heap before GC invocations=1 (full 0):
 garbage-first heap   total 194560K, used 11953K [0x0000000742000000, 0x0000000800000000)
  region size 1024K, 9 young (9216K), 2 survivors (2048K)
 Metaspace       used 12513K, capacity 12803K, committed 12928K, reserved 1060864K
  class space    used 1219K, capacity 1351K, committed 1408K, reserved 1048576K
}
Event: 1.481 GC heap after
{Heap after GC invocations=2 (full 0):
 garbage-first heap   total 194560K, used 5525K [0x0000000742000000, 0x0000000800000000)
  region size 1024K, 1 young (1024K), 1 survivors (1024K)
 Metaspace       used 12513K, capacity 12803K, committed 12928K, reserved 1060864K
  class space    used 1219K, capacity 1351K, committed 1408K, reserved 1048576K
}
Event: 2.682 GC heap before
{Heap before GC invocations=2 (full 0):
 garbage-first heap   total 194560K, used 32149K [0x0000000742000000, 0x0000000800000000)
  region size 1024K, 29 young (29696K), 1 survivors (1024K)
 Metaspace       used 20639K, capacity 21233K, committed 21248K, reserved 1067008K
  class space    used 2530K, capacity 2802K, committed 2816K, reserved 1048576K
}
Event: 2.689 GC heap after
{Heap after GC invocations=3 (full 0):
 garbage-first heap   total 194560K, used 9362K [0x0000000742000000, 0x0000000800000000)
  region size 1024K, 4 young (4096K), 4 survivors (4096K)
 Metaspace       used 20639K, capacity 21233K, committed 21248K, reserved 1067008K
  class space    used 2530K, capacity 2802K, committed 2816K, reserved 1048576K
}

Deoptimization events (10 events):
Event: 2.347 Thread 0x0000023c21a20000 Uncommon trap: reason=intrinsic_or_type_checked_inlining action=make_not_entrant pc=0x0000023c10539ad0 method=java.util.Arrays.copyOf([Ljava/lang/Object;ILjava/lang/Class;)[Ljava/lang/Object; @ 35 c2
Event: 2.536 Thread 0x0000023c21a20000 Uncommon trap: reason=class_check action=maybe_recompile pc=0x0000023c104ca8e0 method=java.lang.String.equals(Ljava/lang/Object;)Z @ 8 c2
Event: 2.536 Thread 0x0000023c21a20000 Uncommon trap: reason=class_check action=maybe_recompile pc=0x0000023c104ca8e0 method=java.lang.String.equals(Ljava/lang/Object;)Z @ 8 c2
Event: 2.536 Thread 0x0000023c21a20000 Uncommon trap: reason=class_check action=maybe_recompile pc=0x0000023c104ca8e0 method=java.lang.String.equals(Ljava/lang/Object;)Z @ 8 c2
Event: 2.538 Thread 0x0000023c21a20000 Uncommon trap: reason=class_check action=maybe_recompile pc=0x0000023c104ca8e0 method=java.lang.String.equals(Ljava/lang/Object;)Z @ 8 c2
Event: 2.564 Thread 0x0000023c21a20000 Uncommon trap: reason=unstable_if action=reinterpret pc=0x0000023c10556f78 method=java.lang.StringLatin1.regionMatchesCI([BI[BII)Z @ 66 c2
Event: 2.662 Thread 0x0000023c21a20000 Uncommon trap: reason=unstable_if action=reinterpret pc=0x0000023c10548da4 method=java.net.URL.<init>(Ljava/net/URL;Ljava/lang/String;Ljava/net/URLStreamHandler;)V @ 347 c2
Event: 3.036 Thread 0x0000023c21a20000 Uncommon trap: reason=unstable_if action=reinterpret pc=0x0000023c104f5320 method=jdk.internal.org.objectweb.asm.Type.getArgumentsAndReturnSizes(Ljava/lang/String;)I @ 47 c2
Event: 3.036 Thread 0x0000023c21a20000 Uncommon trap: reason=unstable_if action=reinterpret pc=0x0000023c10570f48 method=jdk.internal.org.objectweb.asm.Type.getArgumentsAndReturnSizes(Ljava/lang/String;)I @ 47 c2
Event: 3.120 Thread 0x0000023c218c7000 Uncommon trap: reason=unstable_if action=reinterpret pc=0x0000023c1054de00 method=java.lang.invoke.LambdaForm$BasicType.basicType(C)Ljava/lang/invoke/LambdaForm$BasicType; @ 1 c2

Classes redefined (0 events):
No events

Internal exceptions (10 events):
Event: 2.203 Thread 0x0000023c21a20000 Exception <a 'java/lang/NoSuchMethodError'{0x000000074c9f1f30}: java.lang.invoke.DirectMethodHandle$Holder.invokeSpecial(Ljava/lang/Object;Ljava/lang/Object;Ljava/lang/Object;Ljava/lang/Object;)V> (0x000000074c9f1f30) thrown at [./open/src/hotspot/share/i
Event: 2.269 Thread 0x0000023c21a20000 Implicit null exception at 0x0000023c1053c955 to 0x0000023c1053cb2c
Event: 2.282 Thread 0x0000023c21a20000 Implicit null exception at 0x0000023c105427af to 0x0000023c10542829
Event: 2.570 Thread 0x0000023c21a20000 Exception <a 'java/lang/NoSuchMethodError'{0x000000074c3f8588}: java.lang.invoke.Invokers$Holder.linkToTargetMethod(Ljava/lang/Object;ILjava/lang/Object;)Ljava/lang/Object;> (0x000000074c3f8588) thrown at [./open/src/hotspot/share/interpreter/linkResolver
Event: 2.637 Thread 0x0000023c21a20000 Exception <a 'java/lang/NoSuchMethodError'{0x000000074c28eca8}: java.lang.invoke.DirectMethodHandle$Holder.invokeInterface(Ljava/lang/Object;Ljava/lang/Object;Ljava/lang/Object;)Ljava/lang/Object;> (0x000000074c28eca8) thrown at [./open/src/hotspot/share/
Event: 2.638 Thread 0x0000023c21a20000 Exception <a 'java/lang/IncompatibleClassChangeError'{0x000000074c291e60}: Found class java.lang.Object, but interface was expected> (0x000000074c291e60) thrown at [./open/src/hotspot/share/interpreter/linkResolver.cpp, line 838]
Event: 3.034 Thread 0x0000023c218c7000 Exception <a 'java/lang/NoSuchMethodError'{0x000000074d617508}: java.lang.invoke.DirectMethodHandle$Holder.invokeStaticInit(Ljava/lang/Object;Ljava/lang/Object;)I> (0x000000074d617508) thrown at [./open/src/hotspot/share/interpreter/linkResolver.cpp, line
Event: 3.037 Thread 0x0000023c21a20000 Exception <a 'java/lang/NoSuchMethodError'{0x000000074d79c880}: java.lang.invoke.DirectMethodHandle$Holder.invokeStaticInit(Ljava/lang/Object;Ljava/lang/Object;Ljava/lang/Object;)J> (0x000000074d79c880) thrown at [./open/src/hotspot/share/interpreter/link
Event: 3.040 Thread 0x0000023c21a20000 Exception <a 'java/lang/NoSuchMethodError'{0x000000074d6dc3f8}: java.lang.invoke.DirectMethodHandle$Holder.invokeStatic(Ljava/lang/Object;Ljava/lang/Object;J)Ljava/lang/Object;> (0x000000074d6dc3f8) thrown at [./open/src/hotspot/share/interpreter/linkReso
Event: 3.041 Thread 0x0000023c21a20000 Exception <a 'java/lang/NoSuchMethodError'{0x000000074d6e2570}: java.lang.invoke.Invokers$Holder.linkToTargetMethod(Ljava/lang/Object;JLjava/lang/Object;)Ljava/lang/Object;> (0x000000074d6e2570) thrown at [./open/src/hotspot/share/interpreter/linkResolver

Events (10 events):
Event: 3.352 loading class com/sun/scenario/effect/impl/ImagePool$1
Event: 3.352 loading class com/sun/scenario/effect/impl/ImagePool$1 done
Event: 3.353 loading class com/sun/scenario/effect/impl/prism/ps/PPSRenderer$1
Event: 3.353 loading class com/sun/scenario/effect/impl/prism/ps/PPSRenderer$1 done
Event: 3.354 loading class com/sun/scenario/effect/impl/prism/ps/PPSRenderer$2
Event: 3.354 loading class com/sun/scenario/effect/impl/prism/ps/PPSRenderer$2 done
Event: 3.355 loading class com/sun/javafx/geom/transform/AffineBase$1
Event: 3.355 loading class com/sun/javafx/geom/transform/AffineBase$1 done
Event: 3.356 Thread 0x0000023c218c7000 DEOPT PACKING pc=0x0000023c09349449 sp=0x000000ae02efdc20
Event: 3.356 Thread 0x0000023c218c7000 DEOPT UNPACKING pc=0x0000023c08a2705e sp=0x000000ae02efd078 mode 0


Dynamic libraries:
0x00007ff7b5790000 - 0x00007ff7b579f000 	C:\Program Files\Java\jdk-11.0.17\bin\java.exe
0x00007ffb0e710000 - 0x00007ffb0e908000 	C:\Windows\SYSTEM32\ntdll.dll
0x00007ffb0dbd0000 - 0x00007ffb0dc8f000 	C:\Windows\System32\KERNEL32.DLL
0x00007ffb0c010000 - 0x00007ffb0c306000 	C:\Windows\System32\KERNELBASE.dll
0x00007ffb0c640000 - 0x00007ffb0c740000 	C:\Windows\System32\ucrtbase.dll
0x00007ffafd990000 - 0x00007ffafd9a8000 	C:\Program Files\Java\jdk-11.0.17\bin\jli.dll
0x00007ffb0cdd0000 - 0x00007ffb0ce7f000 	C:\Windows\System32\ADVAPI32.dll
0x00007ffb0e380000 - 0x00007ffb0e41e000 	C:\Windows\System32\msvcrt.dll
0x00007ffb0ca60000 - 0x00007ffb0cafc000 	C:\Windows\System32\sechost.dll
0x00007ffb0e250000 - 0x00007ffb0e376000 	C:\Windows\System32\RPCRT4.dll
0x00007ffb0cb00000 - 0x00007ffb0cc9d000 	C:\Windows\System32\USER32.dll
0x00007ffb0c740000 - 0x00007ffb0c762000 	C:\Windows\System32\win32u.dll
0x00007ffb0d630000 - 0x00007ffb0d65c000 	C:\Windows\System32\GDI32.dll
0x00007ffb0bea0000 - 0x00007ffb0bfb5000 	C:\Windows\System32\gdi32full.dll
0x00007ffb0c340000 - 0x00007ffb0c3dd000 	C:\Windows\System32\msvcp_win.dll
0x00007ffafd520000 - 0x00007ffafd535000 	C:\Program Files\Java\jdk-11.0.17\bin\VCRUNTIME140.dll
0x00007ffaf4780000 - 0x00007ffaf4a1a000 	C:\Windows\WinSxS\amd64_microsoft.windows.common-controls_6595b64144ccf1df_6.0.19041.1110_none_60b5254171f9507e\COMCTL32.dll
0x00007ffb09840000 - 0x00007ffb0984a000 	C:\Windows\SYSTEM32\VERSION.dll
0x00007ffb0c800000 - 0x00007ffb0c830000 	C:\Windows\System32\IMM32.DLL
0x00007ffaf92c0000 - 0x00007ffaf935b000 	C:\Program Files\Java\jdk-11.0.17\bin\msvcp140.dll
0x00007ffadddd0000 - 0x00007ffade8ea000 	C:\Program Files\Java\jdk-11.0.17\bin\server\jvm.dll
0x00007ffb0c7f0000 - 0x00007ffb0c7f8000 	C:\Windows\System32\PSAPI.DLL
0x00007ffb0b990000 - 0x00007ffb0b999000 	C:\Windows\SYSTEM32\WSOCK32.dll
0x00007ffb0dc90000 - 0x00007ffb0dcfb000 	C:\Windows\System32\WS2_32.dll
0x00007ffaff7c0000 - 0x00007ffaff7e7000 	C:\Windows\SYSTEM32\WINMM.dll
0x00007ffb08e90000 - 0x00007ffb08ea2000 	C:\Windows\SYSTEM32\kernel.appcore.dll
0x00007ffb0a670000 - 0x00007ffb0a680000 	C:\Program Files\Java\jdk-11.0.17\bin\verify.dll
0x00007ffb0b780000 - 0x00007ffb0b964000 	C:\Windows\SYSTEM32\DBGHELP.DLL
0x00007ffb0b740000 - 0x00007ffb0b774000 	C:\Windows\SYSTEM32\dbgcore.DLL
0x00007ffb0c450000 - 0x00007ffb0c4d2000 	C:\Windows\System32\bcryptPrimitives.dll
0x00007ffafcf10000 - 0x00007ffafcf38000 	C:\Program Files\Java\jdk-11.0.17\bin\java.dll
0x00007ffb03a20000 - 0x00007ffb03a2a000 	C:\Program Files\Java\jdk-11.0.17\bin\jimage.dll
0x00007ffafd980000 - 0x00007ffafd98e000 	C:\Program Files\Java\jdk-11.0.17\bin\instrument.dll
0x00007ffafd500000 - 0x00007ffafd516000 	C:\Program Files\Java\jdk-11.0.17\bin\zip.dll
0x00007ffb0ce80000 - 0x00007ffb0d5c4000 	C:\Windows\System32\SHELL32.dll
0x00007ffb09090000 - 0x00007ffb09823000 	C:\Windows\SYSTEM32\windows.storage.dll
0x00007ffb0d870000 - 0x00007ffb0dbc4000 	C:\Windows\System32\combase.dll
0x00007ffb0b380000 - 0x00007ffb0b3ae000 	C:\Windows\SYSTEM32\Wldp.dll
0x00007ffb0c8c0000 - 0x00007ffb0c96d000 	C:\Windows\System32\SHCORE.dll
0x00007ffb0d5d0000 - 0x00007ffb0d625000 	C:\Windows\System32\shlwapi.dll
0x00007ffb0bd30000 - 0x00007ffb0bd4f000 	C:\Windows\SYSTEM32\profapi.dll
0x00007ffaf7c70000 - 0x00007ffaf7c89000 	C:\Program Files\Java\jdk-11.0.17\bin\net.dll
0x00007ffb01490000 - 0x00007ffb0159a000 	C:\Windows\SYSTEM32\WINHTTP.dll
0x00007ffb0b100000 - 0x00007ffb0b16a000 	C:\Windows\system32\mswsock.dll
0x00007ffaebc80000 - 0x00007ffaebc92000 	C:\Program Files\Java\jdk-11.0.17\bin\nio.dll
0x00007ffaeb6d0000 - 0x00007ffaeb6ea000 	C:\Program Files\JetBrains\IntelliJ IDEA 2023.1.2\bin\breakgen64.dll
0x0000023c7f4d0000 - 0x0000023c7f4d3000 	C:\Users\Tharushi\.openjfx\cache\19.0.2.1+1\amd64\api-ms-win-core-console-l1-1-0.dll
0x0000023c7f4e0000 - 0x0000023c7f4e3000 	C:\Users\Tharushi\.openjfx\cache\19.0.2.1+1\amd64\api-ms-win-core-console-l1-2-0.dll
0x0000023c7ff20000 - 0x0000023c7ff23000 	C:\Users\Tharushi\.openjfx\cache\19.0.2.1+1\amd64\api-ms-win-core-datetime-l1-1-0.dll
0x0000023c7ff30000 - 0x0000023c7ff33000 	C:\Users\Tharushi\.openjfx\cache\19.0.2.1+1\amd64\api-ms-win-core-debug-l1-1-0.dll
0x0000023c7ff40000 - 0x0000023c7ff43000 	C:\Users\Tharushi\.openjfx\cache\19.0.2.1+1\amd64\api-ms-win-core-errorhandling-l1-1-0.dll
0x0000023c7ff70000 - 0x0000023c7ff74000 	C:\Users\Tharushi\.openjfx\cache\19.0.2.1+1\amd64\api-ms-win-core-file-l1-1-0.dll
0x0000023c22db0000 - 0x0000023c22db3000 	C:\Users\Tharushi\.openjfx\cache\19.0.2.1+1\amd64\api-ms-win-core-file-l1-2-0.dll
0x0000023c22de0000 - 0x0000023c22de3000 	C:\Users\Tharushi\.openjfx\cache\19.0.2.1+1\amd64\api-ms-win-core-file-l2-1-0.dll
0x0000023c22dc0000 - 0x0000023c22dc3000 	C:\Users\Tharushi\.openjfx\cache\19.0.2.1+1\amd64\api-ms-win-core-handle-l1-1-0.dll
0x0000023c22dd0000 - 0x0000023c22dd3000 	C:\Users\Tharushi\.openjfx\cache\19.0.2.1+1\amd64\api-ms-win-core-heap-l1-1-0.dll
0x0000023c22e10000 - 0x0000023c22e13000 	C:\Users\Tharushi\.openjfx\cache\19.0.2.1+1\amd64\api-ms-win-core-interlocked-l1-1-0.dll
0x0000023c22e20000 - 0x0000023c22e23000 	C:\Users\Tharushi\.openjfx\cache\19.0.2.1+1\amd64\api-ms-win-core-libraryloader-l1-1-0.dll
0x0000023c22e30000 - 0x0000023c22e33000 	C:\Users\Tharushi\.openjfx\cache\19.0.2.1+1\amd64\api-ms-win-core-localization-l1-2-0.dll
0x0000023c22e40000 - 0x0000023c22e43000 	C:\Users\Tharushi\.openjfx\cache\19.0.2.1+1\amd64\api-ms-win-core-memory-l1-1-0.dll
0x0000023c22df0000 - 0x0000023c22df3000 	C:\Users\Tharushi\.openjfx\cache\19.0.2.1+1\amd64\api-ms-win-core-namedpipe-l1-1-0.dll
0x0000023c22e00000 - 0x0000023c22e03000 	C:\Users\Tharushi\.openjfx\cache\19.0.2.1+1\amd64\api-ms-win-core-processenvironment-l1-1-0.dll
0x0000023c22e50000 - 0x0000023c22e53000 	C:\Users\Tharushi\.openjfx\cache\19.0.2.1+1\amd64\api-ms-win-core-processthreads-l1-1-0.dll
0x0000023c22e60000 - 0x0000023c22e63000 	C:\Users\Tharushi\.openjfx\cache\19.0.2.1+1\amd64\api-ms-win-core-processthreads-l1-1-1.dll
0x0000023c22e70000 - 0x0000023c22e73000 	C:\Users\Tharushi\.openjfx\cache\19.0.2.1+1\amd64\api-ms-win-core-profile-l1-1-0.dll
0x0000023c22e80000 - 0x0000023c22e83000 	C:\Users\Tharushi\.openjfx\cache\19.0.2.1+1\amd64\api-ms-win-core-rtlsupport-l1-1-0.dll
0x0000023c22e90000 - 0x0000023c22e93000 	C:\Users\Tharushi\.openjfx\cache\19.0.2.1+1\amd64\api-ms-win-core-string-l1-1-0.dll
0x0000023c22ea0000 - 0x0000023c22ea3000 	C:\Users\Tharushi\.openjfx\cache\19.0.2.1+1\amd64\api-ms-win-core-synch-l1-1-0.dll
0x0000023c22eb0000 - 0x0000023c22eb3000 	C:\Users\Tharushi\.openjfx\cache\19.0.2.1+1\amd64\api-ms-win-core-synch-l1-2-0.dll
0x0000023c22ec0000 - 0x0000023c22ec3000 	C:\Users\Tharushi\.openjfx\cache\19.0.2.1+1\amd64\api-ms-win-core-sysinfo-l1-1-0.dll
0x0000023c22ed0000 - 0x0000023c22ed3000 	C:\Users\Tharushi\.openjfx\cache\19.0.2.1+1\amd64\api-ms-win-core-timezone-l1-1-0.dll
0x0000023c22ee0000 - 0x0000023c22ee3000 	C:\Users\Tharushi\.openjfx\cache\19.0.2.1+1\amd64\api-ms-win-core-util-l1-1-0.dll
0x0000023c22ef0000 - 0x0000023c22ef3000 	C:\Users\Tharushi\.openjfx\cache\19.0.2.1+1\amd64\api-ms-win-crt-conio-l1-1-0.dll
0x0000023c22f00000 - 0x0000023c22f04000 	C:\Users\Tharushi\.openjfx\cache\19.0.2.1+1\amd64\api-ms-win-crt-convert-l1-1-0.dll
0x0000023c22f10000 - 0x0000023c22f13000 	C:\Users\Tharushi\.openjfx\cache\19.0.2.1+1\amd64\api-ms-win-crt-environment-l1-1-0.dll
0x0000023c22f20000 - 0x0000023c22f23000 	C:\Users\Tharushi\.openjfx\cache\19.0.2.1+1\amd64\api-ms-win-crt-filesystem-l1-1-0.dll
0x0000023c22f30000 - 0x0000023c22f33000 	C:\Users\Tharushi\.openjfx\cache\19.0.2.1+1\amd64\api-ms-win-crt-heap-l1-1-0.dll
0x0000023c22f40000 - 0x0000023c22f43000 	C:\Users\Tharushi\.openjfx\cache\19.0.2.1+1\amd64\api-ms-win-crt-locale-l1-1-0.dll
0x0000023c22f50000 - 0x0000023c22f55000 	C:\Users\Tharushi\.openjfx\cache\19.0.2.1+1\amd64\api-ms-win-crt-math-l1-1-0.dll
0x0000023c22f60000 - 0x0000023c22f65000 	C:\Users\Tharushi\.openjfx\cache\19.0.2.1+1\amd64\api-ms-win-crt-multibyte-l1-1-0.dll
0x0000023c22f70000 - 0x0000023c22f80000 	C:\Users\Tharushi\.openjfx\cache\19.0.2.1+1\amd64\api-ms-win-crt-private-l1-1-0.dll
0x0000023c22f80000 - 0x0000023c22f83000 	C:\Users\Tharushi\.openjfx\cache\19.0.2.1+1\amd64\api-ms-win-crt-process-l1-1-0.dll
0x0000023c22f90000 - 0x0000023c22f94000 	C:\Users\Tharushi\.openjfx\cache\19.0.2.1+1\amd64\api-ms-win-crt-runtime-l1-1-0.dll
0x0000023c22fa0000 - 0x0000023c22fa4000 	C:\Users\Tharushi\.openjfx\cache\19.0.2.1+1\amd64\api-ms-win-crt-stdio-l1-1-0.dll
0x0000023c22fb0000 - 0x0000023c22fb4000 	C:\Users\Tharushi\.openjfx\cache\19.0.2.1+1\amd64\api-ms-win-crt-string-l1-1-0.dll
0x0000023c22fc0000 - 0x0000023c22fc3000 	C:\Users\Tharushi\.openjfx\cache\19.0.2.1+1\amd64\api-ms-win-crt-time-l1-1-0.dll
0x0000023c22fd0000 - 0x0000023c22fd3000 	C:\Users\Tharushi\.openjfx\cache\19.0.2.1+1\amd64\api-ms-win-crt-utility-l1-1-0.dll
0x00007ffad9250000 - 0x00007ffad934c000 	C:\Users\Tharushi\.openjfx\cache\19.0.2.1+1\amd64\ucrtbase.dll
0x00007ffaeb670000 - 0x00007ffaeb68b000 	C:\Users\Tharushi\.openjfx\cache\19.0.2.1+1\amd64\vcruntime140.dll
0x00007ffafd650000 - 0x00007ffafd65c000 	C:\Users\Tharushi\.openjfx\cache\19.0.2.1+1\amd64\vcruntime140_1.dll
0x00007ffad8ba0000 - 0x00007ffad8c2e000 	C:\Users\Tharushi\.openjfx\cache\19.0.2.1+1\amd64\msvcp140.dll
0x00007ffafcf00000 - 0x00007ffafcf09000 	C:\Users\Tharushi\.openjfx\cache\19.0.2.1+1\amd64\msvcp140_1.dll
0x00007ffaeb530000 - 0x00007ffaeb560000 	C:\Users\Tharushi\.openjfx\cache\19.0.2.1+1\amd64\msvcp140_2.dll
0x00007ffae5ee0000 - 0x00007ffae5f0c000 	C:\Users\Tharushi\.openjfx\cache\19.0.2.1+1\amd64\prism_d3d.dll
0x00007ffadaff0000 - 0x00007ffadb1bd000 	C:\Windows\system32\d3d9.dll
0x00007ffb08b80000 - 0x00007ffb08baf000 	C:\Windows\SYSTEM32\dwmapi.dll
0x00007ffb08a80000 - 0x00007ffb08b1e000 	C:\Windows\system32\uxtheme.dll
0x00007ffb01d40000 - 0x00007ffb02436000 	C:\Windows\SYSTEM32\d3d10warp.dll
0x00007ffaddc30000 - 0x00007ffaddc72000 	C:\Users\Tharushi\.openjfx\cache\19.0.2.1+1\amd64\glass.dll
0x00007ffb0c970000 - 0x00007ffb0ca4a000 	C:\Windows\System32\COMDLG32.dll
0x00007ffb0e420000 - 0x00007ffb0e54a000 	C:\Windows\System32\ole32.dll
0x00007ffb0e550000 - 0x00007ffb0e61d000 	C:\Windows\System32\OLEAUT32.dll
0x00007ffb0cca0000 - 0x00007ffb0cdb4000 	C:\Windows\System32\MSCTF.dll
0x00007ffb01ce0000 - 0x00007ffb01d1b000 	C:\Windows\SYSTEM32\dxcore.dll
0x00007ffb0bfc0000 - 0x00007ffb0c00e000 	C:\Windows\System32\cfgmgr32.dll
0x00007ffaeb3d0000 - 0x00007ffaeb3e4000 	C:\Users\Tharushi\.openjfx\cache\19.0.2.1+1\amd64\javafx_font.dll
0x00007ffaf7450000 - 0x00007ffaf76cf000 	C:\Windows\SYSTEM32\dwrite.dll
0x00007ffb0e620000 - 0x00007ffb0e6c9000 	C:\Windows\System32\clbcatq.dll
0x00007ffb04dc0000 - 0x00007ffb04f74000 	C:\Windows\SYSTEM32\WindowsCodecs.dll
0x00007ffb0c310000 - 0x00007ffb0c337000 	C:\Windows\System32\bcrypt.dll
0x00007ffafd320000 - 0x00007ffafd35e000 	C:\Windows\system32\dataexchange.dll
0x00007ffb077b0000 - 0x00007ffb07a13000 	C:\Windows\system32\d3d11.dll
0x00007ffb07cd0000 - 0x00007ffb07eb3000 	C:\Windows\system32\dcomp.dll
0x00007ffb098b0000 - 0x00007ffb099a3000 	C:\Windows\system32\dxgi.dll
0x00007ffb04b10000 - 0x00007ffb04d10000 	C:\Windows\system32\twinapi.appcore.dll
0x00007ffae59a0000 - 0x00007ffae59d4000 	C:\Program Files\Common Files\Microsoft Shared\Ink\rtscom.dll
0x00007ffb058c0000 - 0x00007ffb059ba000 	C:\Windows\SYSTEM32\textinputframework.dll
0x00007ffb08240000 - 0x00007ffb0859e000 	C:\Windows\System32\CoreUIComponents.dll
0x00007ffb08680000 - 0x00007ffb08772000 	C:\Windows\System32\CoreMessaging.dll
0x00007ffb0bad0000 - 0x00007ffb0bb03000 	C:\Windows\SYSTEM32\ntmarta.dll
0x00007ffb07b70000 - 0x00007ffb07cc4000 	C:\Windows\SYSTEM32\wintypes.dll

dbghelp: loaded successfully - version: 4.0.5 - missing functions: none
symbol engine: initialized successfully - sym options: 0x614 - pdb path: .;C:\Program Files\Java\jdk-11.0.17\bin;C:\Windows\SYSTEM32;C:\Windows\WinSxS\amd64_microsoft.windows.common-controls_6595b64144ccf1df_6.0.19041.1110_none_60b5254171f9507e;C:\Program Files\Java\jdk-11.0.17\bin\server;C:\Program Files\JetBrains\IntelliJ IDEA 2023.1.2\bin;C:\Users\Tharushi\.openjfx\cache\19.0.2.1+1\amd64;C:\Program Files\Common Files\Microsoft Shared\Ink

VM Arguments:
jvm_args: -javaagent:C:\Program Files\JetBrains\IntelliJ IDEA 2023.1.2\lib\idea_rt.jar=62974:C:\Program Files\JetBrains\IntelliJ IDEA 2023.1.2\bin -Dfile.encoding=UTF-8 
java_command: lk.ijse.yummy_food_project.AppInitializerWrapper
java_class_path (initial): C:\Users\Tharushi\Desktop\yummy_food_project2\target\classes;C:\Users\Tharushi\.m2\repository\org\openjfx\javafx-fxml\19.0.2.1\javafx-fxml-19.0.2.1.jar;C:\Users\Tharushi\.m2\repository\org\openjfx\javafx-fxml\19.0.2.1\javafx-fxml-19.0.2.1-win.jar;C:\Users\Tharushi\.m2\repository\org\openjfx\javafx-controls\19.0.2.1\javafx-controls-19.0.2.1.jar;C:\Users\Tharushi\.m2\repository\org\openjfx\javafx-controls\19.0.2.1\javafx-controls-19.0.2.1-win.jar;C:\Users\Tharushi\.m2\repository\org\openjfx\javafx-graphics\19.0.2.1\javafx-graphics-19.0.2.1.jar;C:\Users\Tharushi\.m2\repository\org\openjfx\javafx-graphics\19.0.2.1\javafx-graphics-19.0.2.1-win.jar;C:\Users\Tharushi\.m2\repository\org\openjfx\javafx-base\19.0.2.1\javafx-base-19.0.2.1.jar;C:\Users\Tharushi\.m2\repository\org\openjfx\javafx-base\19.0.2.1\javafx-base-19.0.2.1-win.jar;C:\Users\Tharushi\.m2\repository\com\jfoenix\jfoenix\9.0.10\jfoenix-9.0.10.jar;C:\Users\Tharushi\.m2\repository\com\mysql\mysql-connector-j\8.0.33\mysql-connector-j-8.0.33.jar;C:\Users\Tharushi\.m2\repository\com\google\protobuf\protobuf-java\3.21.9\protobuf-java-3.21.9.jar;C:\Users\Tharushi\.m2\repository\net\sf\jasperreports\jasperreports\6.20.5\jasperreports-6.20.5.jar;C:\Users\Tharushi\.m2\repository\commons-beanutils\commons-beanutils\1.9.4\commons-beanutils-1.9.4.jar;C:\Users\Tharushi\.m2\repository\commons-collections\commons-collections\3.2.2\commons-collections-3.2.2.jar;C:\Users\Tharushi\.m2\repository\commons-digester\commons-digester\2.1\commons-digester-2.1.jar;C:\Users\Tharushi\.m2\repository\commons-logging\commons-logging\1.1.1\commons-logging-1.1.1.jar;C:\Users\Tharushi\.m2\repository\org\apache\commons\commons-collections4\4.2\commons-collections4-4.2.jar;C:\Users\Tharushi\.m2\repository\com\github\librepdf\openpdf\1.3.30.jaspersoft.2\openpdf-1.3.30.jaspersoft.2.jar;C:\Users\Tharushi\.m2\repository\org\jfree\jcommon\1.0.23\jcommon-1.0.23.jar;C:\Users\Tharushi\.m2\repository\org\jfree\jfreechart\1.0.
Launcher Type: SUN_STANDARD

[Global flags]
     intx CICompilerCount                          = 3                                         {product} {ergonomic}
     uint ConcGCThreads                            = 1                                         {product} {ergonomic}
     uint G1ConcRefinementThreads                  = 4                                         {product} {ergonomic}
   size_t G1HeapRegionSize                         = 1048576                                   {product} {ergonomic}
    uintx GCDrainStackTargetSize                   = 64                                        {product} {ergonomic}
   size_t InitialHeapSize                          = 199229440                                 {product} {ergonomic}
   size_t MarkStackSize                            = 4194304                                   {product} {ergonomic}
   size_t MaxHeapSize                              = 3187671040                                {product} {ergonomic}
   size_t MaxNewSize                               = 1912602624                                {product} {ergonomic}
   size_t MinHeapDeltaBytes                        = 1048576                                   {product} {ergonomic}
    uintx NonNMethodCodeHeapSize                   = 5830732                                {pd product} {ergonomic}
    uintx NonProfiledCodeHeapSize                  = 122913754                              {pd product} {ergonomic}
    uintx ProfiledCodeHeapSize                     = 122913754                              {pd product} {ergonomic}
    uintx ReservedCodeCacheSize                    = 251658240                              {pd product} {ergonomic}
     bool SegmentedCodeCache                       = true                                      {product} {ergonomic}
     bool UseCompressedClassPointers               = true                                 {lp64_product} {ergonomic}
     bool UseCompressedOops                        = true                                 {lp64_product} {ergonomic}
     bool UseG1GC                                  = true                                      {product} {ergonomic}
     bool UseLargePagesIndividualAllocation        = false                                  {pd product} {ergonomic}

Logging:
Log output configuration:
 #0: stdout all=warning uptime,level,tags
 #1: stderr all=off uptime,level,tags

Environment Variables:
PATH=C:\Program Files\Common Files\Oracle\Java\javapath;C:\Windows\system32;C:\Windows;C:\Windows\System32\Wbem;C:\Windows\System32\WindowsPowerShell\v1.0\;C:\Windows\System32\OpenSSH\;C:\Program Files\Git\cmd;C:\Program Files\MySQL\MySQL Shell 8.0\bin\;C:\Users\Tharushi\AppData\Local\Microsoft\WindowsApps;;C:\Program Files\JetBrains\IntelliJ IDEA 2023.1.2\bin;
USERNAME=Tharushi
OS=Windows_NT
PROCESSOR_IDENTIFIER=Intel64 Family 6 Model 142 Stepping 10, GenuineIntel



---------------  S Y S T E M  ---------------

OS: Windows 10 , 64 bit Build 19041 (10.0.19041.2913)

CPU:total 4 (initial active 4) (2 cores per cpu, 2 threads per core) family 6 model 142 stepping 10 microcode 0xb4, cmov, cx8, fxsr, mmx, sse, sse2, sse3, ssse3, sse4.1, sse4.2, popcnt, avx, avx2, aes, clmul, erms, 3dnowpref, lzcnt, ht, tsc, tscinvbit, bmi1, bmi2, adx, fma

Memory: 4k page, system-wide physical 12153M (5864M free)
TotalPageFile size 14009M (AvailPageFile size 5721M)
current process WorkingSet (physical memory assigned to process): 150M, peak: 150M
current process commit charge ("private bytes"): 337M, peak: 337M

vm_info: Java HotSpot(TM) 64-Bit Server VM (11.0.17+10-LTS-269) for windows-amd64 JRE (11.0.17+10-LTS-269), built on Sep 13 2022 19:26:37 by "mach5one" with MS VC++ 15.9 (VS2017)

END.
